<?xml version="1.0" encoding="UTF-8"?>
<coverage generated="1595318853955" clover="3.2.0">
  <project timestamp="1595318853955" name="All files">
    <metrics statements="217" coveredstatements="176" conditionals="74" coveredconditionals="58" methods="84" coveredmethods="70" elements="375" coveredelements="304" complexity="0" loc="217" ncloc="217" packages="1" files="5" classes="5"/>
    <file name="List.js" path="/Users/yuetao/Projects/typedef/src/List.js">
      <metrics statements="27" coveredstatements="20" conditionals="17" coveredconditionals="9" methods="22" coveredmethods="17"/>
      <line num="5" count="119" type="stmt"/>
      <line num="9" count="7" type="stmt"/>
      <line num="13" count="11" type="stmt"/>
      <line num="17" count="6" type="stmt"/>
      <line num="21" count="76" type="cond" truecount="1" falsecount="1"/>
      <line num="22" count="0" type="stmt"/>
      <line num="24" count="4" type="stmt"/>
      <line num="25" count="38" type="cond" truecount="2" falsecount="0"/>
      <line num="27" count="4" type="stmt"/>
      <line num="30" count="0" type="cond" truecount="0" falsecount="1"/>
      <line num="31" count="52" type="stmt"/>
      <line num="34" count="3" type="cond" truecount="1" falsecount="0"/>
      <line num="35" count="2" type="stmt"/>
      <line num="36" count="6" type="stmt"/>
      <line num="40" count="0" type="cond" truecount="0" falsecount="1"/>
      <line num="41" count="24" type="cond" truecount="4" falsecount="1"/>
      <line num="42" count="6" type="stmt"/>
      <line num="43" count="112" type="stmt"/>
      <line num="45" count="6" type="stmt"/>
      <line num="46" count="0" type="stmt"/>
      <line num="49" count="0" type="cond" truecount="0" falsecount="1"/>
      <line num="50" count="6" type="cond" truecount="1" falsecount="1"/>
      <line num="51" count="0" type="stmt"/>
      <line num="53" count="6" type="stmt"/>
      <line num="54" count="6" type="stmt"/>
      <line num="60" count="0" type="cond" truecount="0" falsecount="2"/>
      <line num="65" count="2" type="stmt"/>
    </file>
    <file name="Seg.js" path="/Users/yuetao/Projects/typedef/src/Seg.js">
      <metrics statements="36" coveredstatements="36" conditionals="0" coveredconditionals="0" methods="14" coveredmethods="14"/>
      <line num="29" count="5" type="stmt"/>
      <line num="30" count="5" type="stmt"/>
      <line num="31" count="5" type="stmt"/>
      <line num="32" count="5" type="stmt"/>
      <line num="33" count="5" type="stmt"/>
      <line num="34" count="5" type="stmt"/>
      <line num="35" count="5" type="stmt"/>
      <line num="36" count="5" type="stmt"/>
      <line num="37" count="5" type="stmt"/>
      <line num="38" count="5" type="stmt"/>
      <line num="40" count="5" type="stmt"/>
      <line num="49" count="5" type="stmt"/>
      <line num="50" count="5" type="stmt"/>
      <line num="51" count="5" type="stmt"/>
      <line num="56" count="80" type="stmt"/>
      <line num="57" count="80" type="stmt"/>
      <line num="64" count="4" type="stmt"/>
      <line num="65" count="4" type="stmt"/>
      <line num="69" count="6" type="stmt"/>
      <line num="70" count="6" type="stmt"/>
      <line num="74" count="2" type="stmt"/>
      <line num="75" count="2" type="stmt"/>
      <line num="79" count="5" type="stmt"/>
      <line num="80" count="5" type="stmt"/>
      <line num="81" count="5" type="stmt"/>
      <line num="88" count="3" type="stmt"/>
      <line num="89" count="3" type="stmt"/>
      <line num="93" count="1" type="stmt"/>
      <line num="97" count="13" type="stmt"/>
      <line num="98" count="13" type="stmt"/>
      <line num="102" count="1" type="stmt"/>
      <line num="103" count="1" type="stmt"/>
      <line num="107" count="5" type="stmt"/>
      <line num="111" count="37" type="stmt"/>
      <line num="112" count="37" type="stmt"/>
      <line num="116" count="9" type="stmt"/>
    </file>
    <file name="Segs.js" path="/Users/yuetao/Projects/typedef/src/Segs.js">
      <metrics statements="71" coveredstatements="37" conditionals="22" coveredconditionals="14" methods="21" coveredmethods="12"/>
      <line num="8" count="10" type="stmt"/>
      <line num="12" count="6" type="cond" truecount="2" falsecount="0"/>
      <line num="14" count="56" type="stmt"/>
      <line num="15" count="6" type="stmt"/>
      <line num="20" count="5" type="stmt"/>
      <line num="21" count="5" type="stmt"/>
      <line num="22" count="20" type="cond" truecount="2" falsecount="0"/>
      <line num="23" count="5" type="stmt"/>
      <line num="24" count="5" type="stmt"/>
      <line num="26" count="20" type="cond" truecount="1" falsecount="1"/>
      <line num="27" count="20" type="stmt"/>
      <line num="28" count="20" type="stmt"/>
      <line num="33" count="5" type="cond" truecount="2" falsecount="0"/>
      <line num="34" count="1" type="stmt"/>
      <line num="36" count="5" type="stmt"/>
      <line num="40" count="2" type="stmt"/>
      <line num="42" count="2" type="stmt"/>
      <line num="43" count="15" type="stmt"/>
      <line num="48" count="2" type="stmt"/>
      <line num="49" count="2" type="stmt"/>
      <line num="50" count="6" type="stmt"/>
      <line num="55" count="1" type="cond" truecount="1" falsecount="1"/>
      <line num="56" count="1" type="stmt"/>
      <line num="57" count="1" type="stmt"/>
      <line num="58" count="3" type="stmt"/>
      <line num="63" count="1" type="stmt"/>
      <line num="64" count="1" type="stmt"/>
      <line num="65" count="2" type="stmt"/>
      <line num="71" count="3" type="cond" truecount="4" falsecount="0"/>
      <line num="72" count="1" type="stmt"/>
      <line num="75" count="24" type="stmt"/>
      <line num="76" count="2" type="stmt"/>
      <line num="80" count="1" type="stmt"/>
      <line num="82" count="1" type="stmt"/>
      <line num="84" count="12" type="stmt"/>
      <line num="85" count="12" type="stmt"/>
      <line num="86" count="12" type="stmt"/>
      <line num="92" count="0" type="stmt"/>
      <line num="93" count="0" type="stmt"/>
      <line num="94" count="0" type="stmt"/>
      <line num="96" count="0" type="stmt"/>
      <line num="107" count="0" type="stmt"/>
      <line num="108" count="0" type="stmt"/>
      <line num="109" count="0" type="stmt"/>
      <line num="115" count="0" type="stmt"/>
      <line num="116" count="0" type="stmt"/>
      <line num="118" count="0" type="stmt"/>
      <line num="129" count="0" type="stmt"/>
      <line num="131" count="0" type="stmt"/>
      <line num="134" count="0" type="stmt"/>
      <line num="136" count="0" type="stmt"/>
      <line num="146" count="0" type="stmt"/>
      <line num="147" count="0" type="stmt"/>
      <line num="149" count="0" type="stmt"/>
      <line num="184" count="0" type="stmt"/>
      <line num="186" count="0" type="cond" truecount="0" falsecount="2"/>
      <line num="188" count="0" type="stmt"/>
      <line num="189" count="0" type="stmt"/>
      <line num="190" count="0" type="stmt"/>
      <line num="191" count="0" type="stmt"/>
      <line num="192" count="0" type="cond" truecount="0" falsecount="2"/>
      <line num="193" count="0" type="stmt"/>
      <line num="194" count="0" type="stmt"/>
      <line num="195" count="0" type="stmt"/>
      <line num="196" count="0" type="stmt"/>
      <line num="197" count="0" type="stmt"/>
      <line num="202" count="0" type="stmt"/>
      <line num="207" count="0" type="cond" truecount="0" falsecount="2"/>
      <line num="208" count="0" type="stmt"/>
      <line num="209" count="0" type="stmt"/>
      <line num="211" count="0" type="stmt"/>
    </file>
    <file name="Torque.js" path="/Users/yuetao/Projects/typedef/src/Torque.js">
      <metrics statements="15" coveredstatements="15" conditionals="5" coveredconditionals="5" methods="8" coveredmethods="8"/>
      <line num="6" count="2" type="stmt"/>
      <line num="7" count="2" type="stmt"/>
      <line num="8" count="2" type="stmt"/>
      <line num="9" count="2" type="stmt"/>
      <line num="10" count="2" type="stmt"/>
      <line num="11" count="2" type="stmt"/>
      <line num="13" count="2" type="cond" truecount="2" falsecount="0"/>
      <line num="15" count="2" type="stmt"/>
      <line num="22" count="4" type="stmt"/>
      <line num="27" count="10" type="stmt"/>
      <line num="28" count="10" type="stmt"/>
      <line num="32" count="2" type="stmt"/>
      <line num="33" count="2" type="stmt"/>
      <line num="34" count="2" type="stmt"/>
      <line num="35" count="2" type="stmt"/>
    </file>
    <file name="Vec.js" path="/Users/yuetao/Projects/typedef/src/Vec.js">
      <metrics statements="68" coveredstatements="68" conditionals="30" coveredconditionals="30" methods="19" coveredmethods="19"/>
      <line num="1" count="5" type="stmt"/>
      <line num="11" count="211" type="cond" truecount="2" falsecount="0"/>
      <line num="13" count="81" type="cond" truecount="2" falsecount="0"/>
      <line num="16" count="27" type="stmt"/>
      <line num="17" count="27" type="stmt"/>
      <line num="18" count="54" type="cond" truecount="2" falsecount="0"/>
      <line num="22" count="1" type="stmt"/>
      <line num="23" count="1" type="stmt"/>
      <line num="24" count="53" type="cond" truecount="4" falsecount="0"/>
      <line num="28" count="1" type="stmt"/>
      <line num="29" count="1" type="stmt"/>
      <line num="30" count="52" type="cond" truecount="2" falsecount="0"/>
      <line num="34" count="51" type="stmt"/>
      <line num="35" count="51" type="stmt"/>
      <line num="37" count="1" type="stmt"/>
      <line num="40" count="130" type="stmt"/>
      <line num="41" count="130" type="stmt"/>
      <line num="43" count="210" type="stmt"/>
      <line num="47" count="76" type="cond" truecount="2" falsecount="0"/>
      <line num="48" count="25" type="stmt"/>
      <line num="49" count="25" type="stmt"/>
      <line num="51" count="51" type="stmt"/>
      <line num="52" count="51" type="stmt"/>
      <line num="57" count="30" type="cond" truecount="2" falsecount="0"/>
      <line num="58" count="28" type="stmt"/>
      <line num="59" count="28" type="stmt"/>
      <line num="60" count="2" type="cond" truecount="2" falsecount="0"/>
      <line num="61" count="1" type="stmt"/>
      <line num="62" count="1" type="stmt"/>
      <line num="64" count="1" type="stmt"/>
      <line num="70" count="2" type="stmt"/>
      <line num="71" count="2" type="stmt"/>
      <line num="72" count="2" type="stmt"/>
      <line num="84" count="23" type="stmt"/>
      <line num="86" count="23" type="stmt"/>
      <line num="87" count="23" type="cond" truecount="5" falsecount="0"/>
      <line num="89" count="6" type="stmt"/>
      <line num="90" count="6" type="stmt"/>
      <line num="91" count="6" type="stmt"/>
      <line num="93" count="1" type="stmt"/>
      <line num="94" count="1" type="stmt"/>
      <line num="95" count="1" type="stmt"/>
      <line num="98" count="1" type="stmt"/>
      <line num="99" count="1" type="stmt"/>
      <line num="100" count="1" type="stmt"/>
      <line num="102" count="15" type="stmt"/>
      <line num="103" count="15" type="stmt"/>
      <line num="104" count="15" type="stmt"/>
      <line num="106" count="15" type="stmt"/>
      <line num="107" count="15" type="stmt"/>
      <line num="110" count="23" type="stmt"/>
      <line num="114" count="1" type="stmt"/>
      <line num="115" count="1" type="stmt"/>
      <line num="116" count="1" type="stmt"/>
      <line num="123" count="50" type="stmt"/>
      <line num="128" count="15" type="stmt"/>
      <line num="132" count="21" type="stmt"/>
      <line num="136" count="23" type="stmt"/>
      <line num="165" count="54" type="stmt"/>
      <line num="169" count="2" type="stmt"/>
      <line num="173" count="11" type="stmt"/>
      <line num="177" count="2" type="stmt"/>
      <line num="178" count="2" type="cond" truecount="2" falsecount="0"/>
      <line num="182" count="1" type="stmt"/>
      <line num="186" count="2" type="stmt"/>
      <line num="194" count="2" type="stmt"/>
      <line num="202" count="21" type="stmt"/>
      <line num="206" count="1" type="stmt"/>
    </file>
  </project>
</coverage>
