<?xml version="1.0" encoding="UTF-8"?>
<coverage generated="1597218213117" clover="3.2.0">
  <project timestamp="1597218213117" name="All files">
    <metrics statements="297" coveredstatements="273" conditionals="167" coveredconditionals="138" methods="94" coveredmethods="87" elements="558" coveredelements="498" complexity="0" loc="297" ncloc="297" packages="1" files="5" classes="5"/>
    <file name="Layer.js" path="/Users/yuetao/Projects/typedef/src/Layer.js">
      <metrics statements="49" coveredstatements="48" conditionals="19" coveredconditionals="16" methods="12" coveredmethods="12"/>
      <line num="4" count="12" type="stmt"/>
      <line num="5" count="12" type="stmt"/>
      <line num="7" count="12" type="stmt"/>
      <line num="12" count="2" type="stmt"/>
      <line num="13" count="2" type="stmt"/>
      <line num="14" count="2" type="stmt"/>
      <line num="18" count="2" type="cond" truecount="1" falsecount="1"/>
      <line num="19" count="2" type="stmt"/>
      <line num="21" count="0" type="stmt"/>
      <line num="29" count="2" type="stmt"/>
      <line num="34" count="2" type="stmt"/>
      <line num="37" count="6" type="stmt"/>
      <line num="38" count="6" type="stmt"/>
      <line num="40" count="6" type="stmt"/>
      <line num="42" count="6" type="stmt"/>
      <line num="52" count="6" type="stmt"/>
      <line num="53" count="2" type="stmt"/>
      <line num="54" count="2" type="stmt"/>
      <line num="55" count="12" type="cond" truecount="2" falsecount="0"/>
      <line num="56" count="8" type="stmt"/>
      <line num="58" count="12" type="stmt"/>
      <line num="61" count="2" type="stmt"/>
      <line num="62" count="8" type="stmt"/>
      <line num="65" count="2" type="stmt"/>
      <line num="66" count="10" type="cond" truecount="4" falsecount="0"/>
      <line num="67" count="12" type="stmt"/>
      <line num="71" count="2" type="stmt"/>
      <line num="72" count="6" type="stmt"/>
      <line num="74" count="14" type="stmt"/>
      <line num="76" count="6" type="stmt"/>
      <line num="83" count="2" type="stmt"/>
      <line num="84" count="2" type="stmt"/>
      <line num="85" count="12" type="cond" truecount="1" falsecount="1"/>
      <line num="86" count="12" type="cond" truecount="1" falsecount="1"/>
      <line num="87" count="79" type="cond" truecount="2" falsecount="0"/>
      <line num="88" count="12" type="stmt"/>
      <line num="89" count="12" type="stmt"/>
      <line num="91" count="12" type="stmt"/>
      <line num="93" count="12" type="stmt"/>
      <line num="94" count="40" type="stmt"/>
      <line num="95" count="84" type="stmt"/>
      <line num="97" count="84" type="cond" truecount="4" falsecount="0"/>
      <line num="98" count="6" type="stmt"/>
      <line num="99" count="6" type="stmt"/>
      <line num="100" count="6" type="stmt"/>
      <line num="101" count="6" type="stmt"/>
      <line num="102" count="6" type="stmt"/>
      <line num="107" count="12" type="stmt"/>
      <line num="111" count="2" type="stmt"/>
    </file>
    <file name="List.js" path="/Users/yuetao/Projects/typedef/src/List.js">
      <metrics statements="36" coveredstatements="29" conditionals="24" coveredconditionals="15" methods="29" coveredmethods="26"/>
      <line num="5" count="1567" type="stmt"/>
      <line num="9" count="63" type="stmt"/>
      <line num="13" count="134" type="stmt"/>
      <line num="17" count="62" type="stmt"/>
      <line num="21" count="12" type="stmt"/>
      <line num="25" count="20" type="stmt"/>
      <line num="26" count="2" type="cond" truecount="1" falsecount="1"/>
      <line num="27" count="20" type="stmt"/>
      <line num="29" count="0" type="stmt"/>
      <line num="31" count="2" type="stmt"/>
      <line num="35" count="52" type="cond" truecount="1" falsecount="1"/>
      <line num="36" count="0" type="stmt"/>
      <line num="38" count="4" type="stmt"/>
      <line num="39" count="26" type="cond" truecount="2" falsecount="0"/>
      <line num="41" count="4" type="stmt"/>
      <line num="44" count="442" type="cond" truecount="1" falsecount="0"/>
      <line num="45" count="373" type="stmt"/>
      <line num="48" count="3" type="cond" truecount="1" falsecount="0"/>
      <line num="49" count="2" type="stmt"/>
      <line num="50" count="6" type="stmt"/>
      <line num="54" count="0" type="cond" truecount="0" falsecount="1"/>
      <line num="55" count="248" type="cond" truecount="4" falsecount="1"/>
      <line num="56" count="62" type="stmt"/>
      <line num="57" count="1050" type="stmt"/>
      <line num="59" count="62" type="stmt"/>
      <line num="60" count="0" type="stmt"/>
      <line num="63" count="525" type="cond" truecount="1" falsecount="0"/>
      <line num="64" count="62" type="cond" truecount="1" falsecount="1"/>
      <line num="65" count="0" type="stmt"/>
      <line num="67" count="62" type="stmt"/>
      <line num="68" count="62" type="stmt"/>
      <line num="74" count="0" type="cond" truecount="0" falsecount="2"/>
      <line num="78" count="6" type="cond" truecount="3" falsecount="1"/>
      <line num="79" count="2" type="stmt"/>
      <line num="81" count="0" type="stmt"/>
      <line num="86" count="3" type="stmt"/>
    </file>
    <file name="Torque.js" path="/Users/yuetao/Projects/typedef/src/Torque.js">
      <metrics statements="15" coveredstatements="15" conditionals="5" coveredconditionals="5" methods="8" coveredmethods="8"/>
      <line num="6" count="2" type="stmt"/>
      <line num="7" count="2" type="stmt"/>
      <line num="8" count="2" type="stmt"/>
      <line num="9" count="2" type="stmt"/>
      <line num="10" count="2" type="stmt"/>
      <line num="11" count="2" type="stmt"/>
      <line num="13" count="2" type="cond" truecount="2" falsecount="0"/>
      <line num="15" count="2" type="stmt"/>
      <line num="22" count="3" type="stmt"/>
      <line num="27" count="9" type="stmt"/>
      <line num="28" count="9" type="stmt"/>
      <line num="32" count="2" type="stmt"/>
      <line num="33" count="2" type="stmt"/>
      <line num="34" count="2" type="stmt"/>
      <line num="35" count="2" type="stmt"/>
    </file>
    <file name="Vec.js" path="/Users/yuetao/Projects/typedef/src/Vec.js">
      <metrics statements="71" coveredstatements="71" conditionals="30" coveredconditionals="30" methods="19" coveredmethods="19"/>
      <line num="1" count="5" type="stmt"/>
      <line num="11" count="2748" type="cond" truecount="2" falsecount="0"/>
      <line num="13" count="82" type="cond" truecount="2" falsecount="0"/>
      <line num="16" count="21" type="stmt"/>
      <line num="17" count="21" type="stmt"/>
      <line num="18" count="61" type="cond" truecount="2" falsecount="0"/>
      <line num="22" count="1" type="stmt"/>
      <line num="23" count="1" type="stmt"/>
      <line num="24" count="60" type="cond" truecount="4" falsecount="0"/>
      <line num="28" count="1" type="stmt"/>
      <line num="29" count="1" type="stmt"/>
      <line num="30" count="59" type="cond" truecount="2" falsecount="0"/>
      <line num="34" count="58" type="stmt"/>
      <line num="35" count="58" type="stmt"/>
      <line num="37" count="1" type="stmt"/>
      <line num="40" count="2666" type="stmt"/>
      <line num="41" count="2666" type="stmt"/>
      <line num="43" count="2747" type="stmt"/>
      <line num="47" count="52" type="cond" truecount="2" falsecount="0"/>
      <line num="48" count="13" type="stmt"/>
      <line num="49" count="13" type="stmt"/>
      <line num="51" count="39" type="stmt"/>
      <line num="52" count="39" type="stmt"/>
      <line num="54" count="52" type="stmt"/>
      <line num="58" count="42" type="cond" truecount="2" falsecount="0"/>
      <line num="59" count="40" type="stmt"/>
      <line num="60" count="40" type="stmt"/>
      <line num="61" count="40" type="stmt"/>
      <line num="62" count="2" type="cond" truecount="2" falsecount="0"/>
      <line num="63" count="1" type="stmt"/>
      <line num="64" count="1" type="stmt"/>
      <line num="65" count="1" type="stmt"/>
      <line num="67" count="1" type="stmt"/>
      <line num="73" count="2" type="stmt"/>
      <line num="74" count="2" type="stmt"/>
      <line num="75" count="2" type="stmt"/>
      <line num="87" count="11" type="stmt"/>
      <line num="89" count="11" type="stmt"/>
      <line num="90" count="11" type="cond" truecount="5" falsecount="0"/>
      <line num="92" count="4" type="stmt"/>
      <line num="93" count="4" type="stmt"/>
      <line num="94" count="4" type="stmt"/>
      <line num="96" count="1" type="stmt"/>
      <line num="97" count="1" type="stmt"/>
      <line num="98" count="1" type="stmt"/>
      <line num="101" count="1" type="stmt"/>
      <line num="102" count="1" type="stmt"/>
      <line num="103" count="1" type="stmt"/>
      <line num="105" count="5" type="stmt"/>
      <line num="106" count="5" type="stmt"/>
      <line num="107" count="5" type="stmt"/>
      <line num="109" count="5" type="stmt"/>
      <line num="110" count="5" type="stmt"/>
      <line num="113" count="11" type="stmt"/>
      <line num="117" count="1" type="stmt"/>
      <line num="118" count="1" type="stmt"/>
      <line num="119" count="1" type="stmt"/>
      <line num="126" count="5" type="stmt"/>
      <line num="131" count="11" type="stmt"/>
      <line num="135" count="2009" type="stmt"/>
      <line num="139" count="548" type="stmt"/>
      <line num="168" count="1797" type="stmt"/>
      <line num="172" count="2" type="stmt"/>
      <line num="176" count="25" type="stmt"/>
      <line num="180" count="2" type="stmt"/>
      <line num="181" count="2" type="cond" truecount="2" falsecount="0"/>
      <line num="185" count="1" type="stmt"/>
      <line num="189" count="2" type="stmt"/>
      <line num="197" count="2" type="stmt"/>
      <line num="205" count="3" type="stmt"/>
      <line num="209" count="1" type="stmt"/>
    </file>
    <file name="Vecs.js" path="/Users/yuetao/Projects/typedef/src/Vecs.js">
      <metrics statements="126" coveredstatements="110" conditionals="89" coveredconditionals="72" methods="26" coveredmethods="22"/>
      <line num="21" count="515" type="stmt"/>
      <line num="22" count="515" type="stmt"/>
      <line num="23" count="514" type="stmt"/>
      <line num="24" count="514" type="stmt"/>
      <line num="25" count="514" type="stmt"/>
      <line num="26" count="514" type="stmt"/>
      <line num="27" count="514" type="stmt"/>
      <line num="28" count="514" type="stmt"/>
      <line num="29" count="514" type="stmt"/>
      <line num="30" count="514" type="stmt"/>
      <line num="32" count="514" type="stmt"/>
      <line num="60" count="809" type="stmt"/>
      <line num="64" count="27" type="cond" truecount="1" falsecount="1"/>
      <line num="65" count="0" type="stmt"/>
      <line num="67" count="27" type="cond" truecount="2" falsecount="0"/>
      <line num="68" count="27" type="stmt"/>
      <line num="72" count="5" type="cond" truecount="2" falsecount="0"/>
      <line num="73" count="23" type="stmt"/>
      <line num="78" count="2" type="cond" truecount="1" falsecount="1"/>
      <line num="79" count="6" type="stmt"/>
      <line num="84" count="3" type="cond" truecount="1" falsecount="1"/>
      <line num="85" count="3" type="cond" truecount="2" falsecount="0"/>
      <line num="86" count="23" type="stmt"/>
      <line num="91" count="180" type="cond" truecount="2" falsecount="0"/>
      <line num="92" count="45" type="stmt"/>
      <line num="93" count="12" type="stmt"/>
      <line num="98" count="21" type="cond" truecount="2" falsecount="0"/>
      <line num="99" count="2" type="cond" truecount="4" falsecount="1"/>
      <line num="100" count="0" type="stmt"/>
      <line num="102" count="2" type="stmt"/>
      <line num="103" count="2" type="stmt"/>
      <line num="104" count="2" type="stmt"/>
      <line num="106" count="19" type="cond" truecount="3" falsecount="1"/>
      <line num="107" count="0" type="stmt"/>
      <line num="109" count="19" type="stmt"/>
      <line num="110" count="19" type="stmt"/>
      <line num="115" count="8" type="cond" truecount="1" falsecount="1"/>
      <line num="116" count="8" type="stmt"/>
      <line num="118" count="8" type="cond" truecount="1" falsecount="1"/>
      <line num="119" count="8" type="stmt"/>
      <line num="121" count="8" type="stmt"/>
      <line num="126" count="2" type="cond" truecount="1" falsecount="1"/>
      <line num="127" count="0" type="stmt"/>
      <line num="130" count="2" type="stmt"/>
      <line num="131" count="2" type="stmt"/>
      <line num="133" count="2" type="stmt"/>
      <line num="134" count="2" type="stmt"/>
      <line num="135" count="2" type="stmt"/>
      <line num="136" count="8" type="stmt"/>
      <line num="138" count="2" type="stmt"/>
      <line num="142" count="22" type="stmt"/>
      <line num="143" count="230" type="stmt"/>
      <line num="144" count="230" type="stmt"/>
      <line num="145" count="230" type="stmt"/>
      <line num="150" count="13" type="stmt"/>
      <line num="151" count="20" type="cond" truecount="2" falsecount="0"/>
      <line num="152" count="1" type="stmt"/>
      <line num="155" count="12" type="stmt"/>
      <line num="160" count="12" type="stmt"/>
      <line num="161" count="97" type="cond" truecount="2" falsecount="0"/>
      <line num="162" count="12" type="stmt"/>
      <line num="164" count="97" type="cond" truecount="2" falsecount="0"/>
      <line num="165" count="12" type="stmt"/>
      <line num="167" count="97" type="cond" truecount="4" falsecount="0"/>
      <line num="168" count="12" type="stmt"/>
      <line num="171" count="0" type="stmt"/>
      <line num="185" count="13" type="cond" truecount="3" falsecount="1"/>
      <line num="186" count="0" type="stmt"/>
      <line num="187" count="0" type="stmt"/>
      <line num="194" count="13" type="cond" truecount="2" falsecount="0"/>
      <line num="195" count="1" type="stmt"/>
      <line num="196" count="1" type="stmt"/>
      <line num="199" count="12" type="stmt"/>
      <line num="200" count="12" type="cond" truecount="3" falsecount="1"/>
      <line num="201" count="0" type="stmt"/>
      <line num="202" count="0" type="stmt"/>
      <line num="213" count="12" type="cond" truecount="2" falsecount="0"/>
      <line num="214" count="1" type="stmt"/>
      <line num="215" count="1" type="stmt"/>
      <line num="216" count="1" type="stmt"/>
      <line num="221" count="11" type="cond" truecount="2" falsecount="2"/>
      <line num="222" count="0" type="stmt"/>
      <line num="223" count="0" type="stmt"/>
      <line num="234" count="12" type="stmt"/>
      <line num="244" count="12" type="stmt"/>
      <line num="250" count="12" type="stmt"/>
      <line num="251" count="12" type="stmt"/>
      <line num="253" count="12" type="stmt"/>
      <line num="258" count="3" type="cond" truecount="4" falsecount="0"/>
      <line num="259" count="1" type="stmt"/>
      <line num="262" count="2" type="stmt"/>
      <line num="263" count="16" type="stmt"/>
      <line num="268" count="1" type="stmt"/>
      <line num="270" count="1" type="stmt"/>
      <line num="272" count="8" type="stmt"/>
      <line num="286" count="224" type="stmt"/>
      <line num="288" count="224" type="stmt"/>
      <line num="290" count="279" type="stmt"/>
      <line num="291" count="279" type="stmt"/>
      <line num="293" count="279" type="stmt"/>
      <line num="295" count="515" type="stmt"/>
      <line num="296" count="515" type="stmt"/>
      <line num="304" count="515" type="stmt"/>
      <line num="306" count="514" type="cond" truecount="4" falsecount="0"/>
      <line num="307" count="1" type="cond" truecount="1" falsecount="1"/>
      <line num="308" count="1" type="stmt"/>
      <line num="309" count="1" type="stmt"/>
      <line num="310" count="1" type="stmt"/>
      <line num="311" count="513" type="cond" truecount="4" falsecount="0"/>
      <line num="312" count="2" type="cond" truecount="1" falsecount="1"/>
      <line num="313" count="2" type="stmt"/>
      <line num="314" count="2" type="stmt"/>
      <line num="315" count="2" type="stmt"/>
      <line num="316" count="511" type="cond" truecount="4" falsecount="0"/>
      <line num="317" count="8" type="cond" truecount="2" falsecount="0"/>
      <line num="318" count="8" type="stmt"/>
      <line num="319" count="8" type="stmt"/>
      <line num="320" count="8" type="stmt"/>
      <line num="321" count="8" type="stmt"/>
      <line num="322" count="8" type="stmt"/>
      <line num="327" count="223" type="stmt"/>
      <line num="331" count="0" type="stmt"/>
      <line num="336" count="0" type="cond" truecount="0" falsecount="2"/>
      <line num="337" count="0" type="stmt"/>
      <line num="338" count="0" type="stmt"/>
      <line num="340" count="0" type="stmt"/>
    </file>
  </project>
</coverage>
