{"/Users/yuetao/Projects/typedef/src/List.js": {"path":"/Users/yuetao/Projects/typedef/src/List.js","statementMap":{"0":{"start":{"line":5,"column":8},"end":{"line":5,"column":23}},"1":{"start":{"line":9,"column":8},"end":{"line":9,"column":33}},"2":{"start":{"line":13,"column":8},"end":{"line":13,"column":37}},"3":{"start":{"line":17,"column":8},"end":{"line":17,"column":29}},"4":{"start":{"line":21,"column":8},"end":{"line":23,"column":9}},"5":{"start":{"line":21,"column":27},"end":{"line":21,"column":40}},"6":{"start":{"line":22,"column":12},"end":{"line":22,"column":82}},"7":{"start":{"line":24,"column":19},"end":{"line":24,"column":38}},"8":{"start":{"line":25,"column":19},"end":{"line":25,"column":63}},"9":{"start":{"line":25,"column":31},"end":{"line":25,"column":63}},"10":{"start":{"line":27,"column":8},"end":{"line":27,"column":45}},"11":{"start":{"line":30,"column":21},"end":{"line":30,"column":22}},"12":{"start":{"line":31,"column":8},"end":{"line":31,"column":63}},"13":{"start":{"line":31,"column":39},"end":{"line":31,"column":61}},"14":{"start":{"line":34,"column":23},"end":{"line":34,"column":24}},"15":{"start":{"line":35,"column":8},"end":{"line":37,"column":26}},"16":{"start":{"line":36,"column":12},"end":{"line":36,"column":56}},"17":{"start":{"line":40,"column":24},"end":{"line":40,"column":25}},"18":{"start":{"line":41,"column":8},"end":{"line":46,"column":81}},"19":{"start":{"line":41,"column":70},"end":{"line":41,"column":78}},"20":{"start":{"line":42,"column":26},"end":{"line":44,"column":14}},"21":{"start":{"line":43,"column":16},"end":{"line":43,"column":49}},"22":{"start":{"line":43,"column":42},"end":{"line":43,"column":46}},"23":{"start":{"line":45,"column":12},"end":{"line":45,"column":40}},"24":{"start":{"line":46,"column":15},"end":{"line":46,"column":81}},"25":{"start":{"line":49,"column":21},"end":{"line":49,"column":22}},"26":{"start":{"line":50,"column":8},"end":{"line":52,"column":9}},"27":{"start":{"line":51,"column":12},"end":{"line":51,"column":75}},"28":{"start":{"line":53,"column":21},"end":{"line":53,"column":58}},"29":{"start":{"line":54,"column":8},"end":{"line":54,"column":40}},"30":{"start":{"line":60,"column":8},"end":{"line":60,"column":52}},"31":{"start":{"line":60,"column":29},"end":{"line":60,"column":50}}},"fnMap":{"0":{"name":"(anonymous_0)","decl":{"start":{"line":4,"column":4},"end":{"line":4,"column":5}},"loc":{"start":{"line":4,"column":24},"end":{"line":6,"column":5}},"line":4},"1":{"name":"(anonymous_1)","decl":{"start":{"line":8,"column":4},"end":{"line":8,"column":5}},"loc":{"start":{"line":8,"column":10},"end":{"line":10,"column":5}},"line":8},"2":{"name":"(anonymous_2)","decl":{"start":{"line":12,"column":4},"end":{"line":12,"column":5}},"loc":{"start":{"line":12,"column":10},"end":{"line":14,"column":5}},"line":12},"3":{"name":"(anonymous_3)","decl":{"start":{"line":16,"column":4},"end":{"line":16,"column":5}},"loc":{"start":{"line":16,"column":10},"end":{"line":18,"column":5}},"line":16},"4":{"name":"(anonymous_4)","decl":{"start":{"line":20,"column":4},"end":{"line":20,"column":5}},"loc":{"start":{"line":20,"column":10},"end":{"line":28,"column":5}},"line":20},"5":{"name":"(anonymous_5)","decl":{"start":{"line":21,"column":22},"end":{"line":21,"column":23}},"loc":{"start":{"line":21,"column":27},"end":{"line":21,"column":40}},"line":21},"6":{"name":"(anonymous_6)","decl":{"start":{"line":25,"column":19},"end":{"line":25,"column":20}},"loc":{"start":{"line":25,"column":31},"end":{"line":25,"column":63}},"line":25},"7":{"name":"(anonymous_7)","decl":{"start":{"line":30,"column":4},"end":{"line":30,"column":5}},"loc":{"start":{"line":30,"column":23},"end":{"line":32,"column":5}},"line":30},"8":{"name":"(anonymous_8)","decl":{"start":{"line":30,"column":14},"end":{"line":30,"column":15}},"loc":{"start":{"line":30,"column":21},"end":{"line":30,"column":22}},"line":30},"9":{"name":"(anonymous_9)","decl":{"start":{"line":31,"column":26},"end":{"line":31,"column":27}},"loc":{"start":{"line":31,"column":39},"end":{"line":31,"column":61}},"line":31},"10":{"name":"(anonymous_10)","decl":{"start":{"line":34,"column":4},"end":{"line":34,"column":5}},"loc":{"start":{"line":34,"column":25},"end":{"line":38,"column":5}},"line":34},"11":{"name":"(anonymous_11)","decl":{"start":{"line":34,"column":20},"end":{"line":34,"column":21}},"loc":{"start":{"line":34,"column":23},"end":{"line":34,"column":24}},"line":34},"12":{"name":"(anonymous_12)","decl":{"start":{"line":35,"column":27},"end":{"line":35,"column":28}},"loc":{"start":{"line":35,"column":39},"end":{"line":37,"column":9}},"line":35},"13":{"name":"(anonymous_13)","decl":{"start":{"line":40,"column":4},"end":{"line":40,"column":5}},"loc":{"start":{"line":40,"column":26},"end":{"line":47,"column":5}},"line":40},"14":{"name":"(anonymous_14)","decl":{"start":{"line":40,"column":19},"end":{"line":40,"column":20}},"loc":{"start":{"line":40,"column":24},"end":{"line":40,"column":25}},"line":40},"15":{"name":"(anonymous_15)","decl":{"start":{"line":41,"column":65},"end":{"line":41,"column":66}},"loc":{"start":{"line":41,"column":70},"end":{"line":41,"column":78}},"line":41},"16":{"name":"(anonymous_16)","decl":{"start":{"line":42,"column":38},"end":{"line":42,"column":39}},"loc":{"start":{"line":42,"column":49},"end":{"line":44,"column":13}},"line":42},"17":{"name":"(anonymous_17)","decl":{"start":{"line":43,"column":37},"end":{"line":43,"column":38}},"loc":{"start":{"line":43,"column":42},"end":{"line":43,"column":46}},"line":43},"18":{"name":"(anonymous_18)","decl":{"start":{"line":49,"column":4},"end":{"line":49,"column":5}},"loc":{"start":{"line":49,"column":23},"end":{"line":55,"column":5}},"line":49},"19":{"name":"(anonymous_19)","decl":{"start":{"line":49,"column":18},"end":{"line":49,"column":19}},"loc":{"start":{"line":49,"column":21},"end":{"line":49,"column":22}},"line":49},"20":{"name":"(anonymous_20)","decl":{"start":{"line":59,"column":4},"end":{"line":59,"column":5}},"loc":{"start":{"line":59,"column":10},"end":{"line":61,"column":5}},"line":59},"21":{"name":"(anonymous_21)","decl":{"start":{"line":60,"column":24},"end":{"line":60,"column":25}},"loc":{"start":{"line":60,"column":29},"end":{"line":60,"column":50}},"line":60}},"branchMap":{"0":{"loc":{"start":{"line":21,"column":8},"end":{"line":23,"column":9}},"type":"if","locations":[{"start":{"line":21,"column":8},"end":{"line":23,"column":9}},{"start":{"line":21,"column":8},"end":{"line":23,"column":9}}],"line":21},"1":{"loc":{"start":{"line":25,"column":31},"end":{"line":25,"column":63}},"type":"cond-expr","locations":[{"start":{"line":25,"column":41},"end":{"line":25,"column":51}},{"start":{"line":25,"column":55},"end":{"line":25,"column":62}}],"line":25},"2":{"loc":{"start":{"line":30,"column":9},"end":{"line":30,"column":22}},"type":"default-arg","locations":[{"start":{"line":30,"column":14},"end":{"line":30,"column":22}}],"line":30},"3":{"loc":{"start":{"line":34,"column":10},"end":{"line":34,"column":24}},"type":"default-arg","locations":[{"start":{"line":34,"column":20},"end":{"line":34,"column":24}}],"line":34},"4":{"loc":{"start":{"line":40,"column":14},"end":{"line":40,"column":25}},"type":"default-arg","locations":[{"start":{"line":40,"column":19},"end":{"line":40,"column":25}}],"line":40},"5":{"loc":{"start":{"line":41,"column":8},"end":{"line":46,"column":81}},"type":"if","locations":[{"start":{"line":41,"column":8},"end":{"line":46,"column":81}},{"start":{"line":41,"column":8},"end":{"line":46,"column":81}}],"line":41},"6":{"loc":{"start":{"line":41,"column":11},"end":{"line":41,"column":79}},"type":"binary-expr","locations":[{"start":{"line":41,"column":12},"end":{"line":41,"column":26}},{"start":{"line":41,"column":32},"end":{"line":41,"column":50}},{"start":{"line":41,"column":55},"end":{"line":41,"column":79}}],"line":41},"7":{"loc":{"start":{"line":49,"column":9},"end":{"line":49,"column":22}},"type":"default-arg","locations":[{"start":{"line":49,"column":18},"end":{"line":49,"column":22}}],"line":49},"8":{"loc":{"start":{"line":50,"column":8},"end":{"line":52,"column":9}},"type":"if","locations":[{"start":{"line":50,"column":8},"end":{"line":52,"column":9}},{"start":{"line":50,"column":8},"end":{"line":52,"column":9}}],"line":50},"9":{"loc":{"start":{"line":60,"column":29},"end":{"line":60,"column":50}},"type":"cond-expr","locations":[{"start":{"line":60,"column":38},"end":{"line":60,"column":46}},{"start":{"line":60,"column":49},"end":{"line":60,"column":50}}],"line":60}},"s":{"0":159,"1":10,"2":12,"3":9,"4":4,"5":58,"6":0,"7":4,"8":4,"9":29,"10":4,"11":0,"12":14,"13":49,"14":3,"15":2,"16":6,"17":0,"18":9,"19":36,"20":9,"21":58,"22":116,"23":9,"24":0,"25":0,"26":9,"27":0,"28":9,"29":9,"30":0,"31":0},"f":{"0":159,"1":10,"2":12,"3":9,"4":4,"5":58,"6":29,"7":14,"8":0,"9":49,"10":2,"11":3,"12":6,"13":9,"14":0,"15":36,"16":58,"17":116,"18":9,"19":0,"20":0,"21":0},"b":{"0":[0,4],"1":[11,18],"2":[0],"3":[1],"4":[0],"5":[9,0],"6":[9,9,9],"7":[0],"8":[0,9],"9":[0,0]},"_coverageSchema":"1a1c01bbd47fc00a2c39e90264f33305004495a9","hash":"c2e6049f8e4ff98257ca55d80872fa7cd7e33be1"}
,"/Users/yuetao/Projects/typedef/src/Seg.js": {"path":"/Users/yuetao/Projects/typedef/src/Seg.js","statementMap":{"0":{"start":{"line":29,"column":15},"end":{"line":29,"column":32}},"1":{"start":{"line":30,"column":15},"end":{"line":30,"column":32}},"2":{"start":{"line":31,"column":15},"end":{"line":31,"column":32}},"3":{"start":{"line":32,"column":15},"end":{"line":32,"column":31}},"4":{"start":{"line":33,"column":15},"end":{"line":33,"column":31}},"5":{"start":{"line":34,"column":15},"end":{"line":34,"column":31}},"6":{"start":{"line":35,"column":18},"end":{"line":35,"column":27}},"7":{"start":{"line":36,"column":17},"end":{"line":36,"column":27}},"8":{"start":{"line":37,"column":16},"end":{"line":37,"column":41}},"9":{"start":{"line":38,"column":14},"end":{"line":38,"column":18}},"10":{"start":{"line":40,"column":4},"end":{"line":45,"column":5}},"11":{"start":{"line":49,"column":38},"end":{"line":49,"column":42}},"12":{"start":{"line":50,"column":38},"end":{"line":50,"column":42}},"13":{"start":{"line":51,"column":4},"end":{"line":51,"column":58}},"14":{"start":{"line":56,"column":8},"end":{"line":56,"column":23}},"15":{"start":{"line":57,"column":8},"end":{"line":57,"column":23}},"16":{"start":{"line":64,"column":8},"end":{"line":64,"column":29}},"17":{"start":{"line":65,"column":8},"end":{"line":65,"column":29}},"18":{"start":{"line":69,"column":8},"end":{"line":69,"column":40}},"19":{"start":{"line":70,"column":8},"end":{"line":70,"column":40}},"20":{"start":{"line":74,"column":8},"end":{"line":74,"column":28}},"21":{"start":{"line":75,"column":8},"end":{"line":75,"column":28}},"22":{"start":{"line":79,"column":29},"end":{"line":79,"column":33}},"23":{"start":{"line":80,"column":8},"end":{"line":80,"column":25}},"24":{"start":{"line":81,"column":8},"end":{"line":81,"column":25}},"25":{"start":{"line":88,"column":29},"end":{"line":88,"column":33}},"26":{"start":{"line":89,"column":8},"end":{"line":89,"column":31}},"27":{"start":{"line":93,"column":8},"end":{"line":93,"column":33}},"28":{"start":{"line":97,"column":29},"end":{"line":97,"column":33}},"29":{"start":{"line":98,"column":8},"end":{"line":98,"column":38}},"30":{"start":{"line":102,"column":29},"end":{"line":102,"column":33}},"31":{"start":{"line":103,"column":8},"end":{"line":103,"column":47}},"32":{"start":{"line":107,"column":8},"end":{"line":107,"column":43}},"33":{"start":{"line":111,"column":29},"end":{"line":111,"column":33}},"34":{"start":{"line":112,"column":8},"end":{"line":112,"column":32}},"35":{"start":{"line":116,"column":8},"end":{"line":116,"column":59}},"36":{"start":{"line":120,"column":8},"end":{"line":120,"column":66}}},"fnMap":{"0":{"name":"FourPointIntersect","decl":{"start":{"line":28,"column":9},"end":{"line":28,"column":27}},"loc":{"start":{"line":28,"column":55},"end":{"line":46,"column":1}},"line":28},"1":{"name":"TwoSegIntersect","decl":{"start":{"line":48,"column":9},"end":{"line":48,"column":24}},"loc":{"start":{"line":48,"column":36},"end":{"line":52,"column":1}},"line":48},"2":{"name":"(anonymous_2)","decl":{"start":{"line":55,"column":4},"end":{"line":55,"column":5}},"loc":{"start":{"line":55,"column":23},"end":{"line":58,"column":5}},"line":55},"3":{"name":"(anonymous_3)","decl":{"start":{"line":63,"column":4},"end":{"line":63,"column":5}},"loc":{"start":{"line":63,"column":14},"end":{"line":66,"column":5}},"line":63},"4":{"name":"(anonymous_4)","decl":{"start":{"line":68,"column":4},"end":{"line":68,"column":5}},"loc":{"start":{"line":68,"column":25},"end":{"line":71,"column":5}},"line":68},"5":{"name":"(anonymous_5)","decl":{"start":{"line":73,"column":4},"end":{"line":73,"column":5}},"loc":{"start":{"line":73,"column":14},"end":{"line":76,"column":5}},"line":73},"6":{"name":"(anonymous_6)","decl":{"start":{"line":78,"column":4},"end":{"line":78,"column":5}},"loc":{"start":{"line":78,"column":10},"end":{"line":82,"column":5}},"line":78},"7":{"name":"(anonymous_7)","decl":{"start":{"line":87,"column":4},"end":{"line":87,"column":5}},"loc":{"start":{"line":87,"column":11},"end":{"line":90,"column":5}},"line":87},"8":{"name":"(anonymous_8)","decl":{"start":{"line":92,"column":4},"end":{"line":92,"column":5}},"loc":{"start":{"line":92,"column":10},"end":{"line":94,"column":5}},"line":92},"9":{"name":"(anonymous_9)","decl":{"start":{"line":96,"column":4},"end":{"line":96,"column":5}},"loc":{"start":{"line":96,"column":15},"end":{"line":99,"column":5}},"line":96},"10":{"name":"(anonymous_10)","decl":{"start":{"line":101,"column":4},"end":{"line":101,"column":5}},"loc":{"start":{"line":101,"column":12},"end":{"line":104,"column":5}},"line":101},"11":{"name":"(anonymous_11)","decl":{"start":{"line":106,"column":4},"end":{"line":106,"column":5}},"loc":{"start":{"line":106,"column":19},"end":{"line":108,"column":5}},"line":106},"12":{"name":"(anonymous_12)","decl":{"start":{"line":110,"column":4},"end":{"line":110,"column":5}},"loc":{"start":{"line":110,"column":11},"end":{"line":113,"column":5}},"line":110},"13":{"name":"(anonymous_13)","decl":{"start":{"line":115,"column":4},"end":{"line":115,"column":5}},"loc":{"start":{"line":115,"column":10},"end":{"line":117,"column":5}},"line":115},"14":{"name":"(anonymous_14)","decl":{"start":{"line":119,"column":4},"end":{"line":119,"column":5}},"loc":{"start":{"line":119,"column":15},"end":{"line":121,"column":5}},"line":119}},"branchMap":{},"s":{"0":5,"1":5,"2":5,"3":5,"4":5,"5":5,"6":5,"7":5,"8":5,"9":5,"10":5,"11":5,"12":5,"13":5,"14":90,"15":90,"16":4,"17":4,"18":6,"19":6,"20":2,"21":2,"22":5,"23":5,"24":5,"25":3,"26":3,"27":1,"28":10,"29":10,"30":1,"31":1,"32":5,"33":28,"34":28,"35":9,"36":10},"f":{"0":5,"1":5,"2":90,"3":4,"4":6,"5":2,"6":5,"7":3,"8":1,"9":10,"10":1,"11":5,"12":28,"13":9,"14":10},"b":{},"_coverageSchema":"1a1c01bbd47fc00a2c39e90264f33305004495a9","hash":"49eb6aa67205e3be83ee5127eca6b00a50b9ad49"}
,"/Users/yuetao/Projects/typedef/src/Segs.js": {"path":"/Users/yuetao/Projects/typedef/src/Segs.js","statementMap":{"0":{"start":{"line":6,"column":16},"end":{"line":6,"column":21}},"1":{"start":{"line":8,"column":12},"end":{"line":8,"column":28}},"2":{"start":{"line":8,"column":17},"end":{"line":8,"column":28}},"3":{"start":{"line":9,"column":12},"end":{"line":9,"column":28}},"4":{"start":{"line":9,"column":17},"end":{"line":9,"column":28}},"5":{"start":{"line":10,"column":12},"end":{"line":10,"column":32}},"6":{"start":{"line":10,"column":17},"end":{"line":10,"column":32}},"7":{"start":{"line":11,"column":12},"end":{"line":11,"column":32}},"8":{"start":{"line":11,"column":17},"end":{"line":11,"column":32}},"9":{"start":{"line":13,"column":23},"end":{"line":23,"column":1}},"10":{"start":{"line":15,"column":8},"end":{"line":15,"column":42}},"11":{"start":{"line":18,"column":8},"end":{"line":18,"column":42}},"12":{"start":{"line":21,"column":8},"end":{"line":21,"column":52}},"13":{"start":{"line":27,"column":4},"end":{"line":28,"column":76}},"14":{"start":{"line":28,"column":33},"end":{"line":28,"column":74}},"15":{"start":{"line":37,"column":8},"end":{"line":37,"column":23}},"16":{"start":{"line":41,"column":27},"end":{"line":41,"column":63}},"17":{"start":{"line":43,"column":19},"end":{"line":43,"column":71}},"18":{"start":{"line":43,"column":51},"end":{"line":43,"column":70}},"19":{"start":{"line":44,"column":8},"end":{"line":44,"column":33}},"20":{"start":{"line":49,"column":19},"end":{"line":49,"column":21}},"21":{"start":{"line":50,"column":8},"end":{"line":59,"column":9}},"22":{"start":{"line":51,"column":12},"end":{"line":54,"column":13}},"23":{"start":{"line":52,"column":16},"end":{"line":52,"column":32}},"24":{"start":{"line":53,"column":16},"end":{"line":53,"column":28}},"25":{"start":{"line":55,"column":12},"end":{"line":58,"column":13}},"26":{"start":{"line":56,"column":16},"end":{"line":56,"column":32}},"27":{"start":{"line":57,"column":16},"end":{"line":57,"column":28}},"28":{"start":{"line":62,"column":8},"end":{"line":64,"column":9}},"29":{"start":{"line":63,"column":12},"end":{"line":63,"column":23}},"30":{"start":{"line":65,"column":8},"end":{"line":65,"column":20}},"31":{"start":{"line":69,"column":21},"end":{"line":69,"column":34}},"32":{"start":{"line":71,"column":8},"end":{"line":73,"column":9}},"33":{"start":{"line":72,"column":12},"end":{"line":72,"column":32}},"34":{"start":{"line":77,"column":21},"end":{"line":77,"column":34}},"35":{"start":{"line":78,"column":8},"end":{"line":80,"column":9}},"36":{"start":{"line":79,"column":12},"end":{"line":79,"column":38}},"37":{"start":{"line":84,"column":29},"end":{"line":84,"column":51}},"38":{"start":{"line":85,"column":21},"end":{"line":85,"column":34}},"39":{"start":{"line":86,"column":8},"end":{"line":88,"column":9}},"40":{"start":{"line":87,"column":12},"end":{"line":87,"column":42}},"41":{"start":{"line":92,"column":8},"end":{"line":92,"column":23}},"42":{"start":{"line":93,"column":8},"end":{"line":95,"column":9}},"43":{"start":{"line":94,"column":12},"end":{"line":94,"column":23}},"44":{"start":{"line":100,"column":8},"end":{"line":102,"column":9}},"45":{"start":{"line":101,"column":12},"end":{"line":101,"column":85}},"46":{"start":{"line":103,"column":21},"end":{"line":103,"column":54}},"47":{"start":{"line":103,"column":37},"end":{"line":103,"column":53}},"48":{"start":{"line":104,"column":8},"end":{"line":104,"column":26}},"49":{"start":{"line":108,"column":19},"end":{"line":108,"column":30}},"50":{"start":{"line":110,"column":8},"end":{"line":116,"column":19}},"51":{"start":{"line":112,"column":28},"end":{"line":112,"column":39}},"52":{"start":{"line":113,"column":16},"end":{"line":113,"column":48}},"53":{"start":{"line":114,"column":16},"end":{"line":114,"column":27}},"54":{"start":{"line":120,"column":8},"end":{"line":120,"column":49}},"55":{"start":{"line":126,"column":8},"end":{"line":137,"column":9}},"56":{"start":{"line":127,"column":12},"end":{"line":127,"column":46}},"57":{"start":{"line":128,"column":15},"end":{"line":137,"column":9}},"58":{"start":{"line":129,"column":12},"end":{"line":129,"column":32}},"59":{"start":{"line":130,"column":15},"end":{"line":137,"column":9}},"60":{"start":{"line":131,"column":12},"end":{"line":131,"column":68}},"61":{"start":{"line":133,"column":12},"end":{"line":136,"column":13}},"62":{"start":{"line":148,"column":8},"end":{"line":148,"column":43}},"63":{"start":{"line":149,"column":29},"end":{"line":149,"column":40}},"64":{"start":{"line":150,"column":8},"end":{"line":150,"column":74}},"65":{"start":{"line":152,"column":8},"end":{"line":152,"column":40}},"66":{"start":{"line":162,"column":8},"end":{"line":162,"column":37}},"67":{"start":{"line":163,"column":8},"end":{"line":179,"column":9}},"68":{"start":{"line":164,"column":25},"end":{"line":164,"column":36}},"69":{"start":{"line":165,"column":12},"end":{"line":165,"column":80}},"70":{"start":{"line":166,"column":12},"end":{"line":166,"column":40}},"71":{"start":{"line":167,"column":15},"end":{"line":179,"column":9}},"72":{"start":{"line":167,"column":62},"end":{"line":167,"column":83}},"73":{"start":{"line":169,"column":12},"end":{"line":175,"column":13}},"74":{"start":{"line":170,"column":31},"end":{"line":170,"column":46}},"75":{"start":{"line":171,"column":33},"end":{"line":171,"column":42}},"76":{"start":{"line":172,"column":16},"end":{"line":172,"column":50}},"77":{"start":{"line":173,"column":16},"end":{"line":173,"column":65}},"78":{"start":{"line":174,"column":16},"end":{"line":174,"column":92}},"79":{"start":{"line":176,"column":12},"end":{"line":176,"column":35}},"80":{"start":{"line":178,"column":12},"end":{"line":178,"column":46}},"81":{"start":{"line":184,"column":23},"end":{"line":184,"column":70}},"82":{"start":{"line":184,"column":63},"end":{"line":184,"column":69}},"83":{"start":{"line":186,"column":8},"end":{"line":186,"column":79}},"84":{"start":{"line":188,"column":29},"end":{"line":188,"column":44}},"85":{"start":{"line":189,"column":8},"end":{"line":189,"column":80}},"86":{"start":{"line":191,"column":8},"end":{"line":191,"column":49}},"87":{"start":{"line":193,"column":27},"end":{"line":193,"column":119}},"88":{"start":{"line":193,"column":96},"end":{"line":193,"column":118}},"89":{"start":{"line":194,"column":27},"end":{"line":194,"column":119}},"90":{"start":{"line":194,"column":96},"end":{"line":194,"column":117}},"91":{"start":{"line":195,"column":27},"end":{"line":195,"column":119}},"92":{"start":{"line":195,"column":96},"end":{"line":195,"column":118}},"93":{"start":{"line":196,"column":27},"end":{"line":196,"column":119}},"94":{"start":{"line":196,"column":96},"end":{"line":196,"column":117}},"95":{"start":{"line":198,"column":8},"end":{"line":198,"column":62}},"96":{"start":{"line":200,"column":21},"end":{"line":200,"column":57}},"97":{"start":{"line":201,"column":22},"end":{"line":201,"column":60}},"98":{"start":{"line":203,"column":8},"end":{"line":203,"column":29}},"99":{"start":{"line":210,"column":8},"end":{"line":246,"column":9}},"100":{"start":{"line":210,"column":26},"end":{"line":210,"column":27}},"101":{"start":{"line":211,"column":30},"end":{"line":211,"column":42}},"102":{"start":{"line":212,"column":29},"end":{"line":212,"column":97}},"103":{"start":{"line":213,"column":31},"end":{"line":213,"column":71}},"104":{"start":{"line":214,"column":12},"end":{"line":214,"column":50}},"105":{"start":{"line":216,"column":12},"end":{"line":245,"column":13}},"106":{"start":{"line":219,"column":16},"end":{"line":222,"column":17}},"107":{"start":{"line":220,"column":20},"end":{"line":220,"column":90}},"108":{"start":{"line":221,"column":20},"end":{"line":221,"column":28}},"109":{"start":{"line":224,"column":34},"end":{"line":226,"column":35}},"110":{"start":{"line":228,"column":47},"end":{"line":228,"column":56}},"111":{"start":{"line":229,"column":32},"end":{"line":229,"column":78}},"112":{"start":{"line":230,"column":16},"end":{"line":230,"column":48}},"113":{"start":{"line":231,"column":32},"end":{"line":231,"column":90}},"114":{"start":{"line":232,"column":16},"end":{"line":232,"column":48}},"115":{"start":{"line":237,"column":16},"end":{"line":243,"column":17}},"116":{"start":{"line":238,"column":37},"end":{"line":238,"column":96}},"117":{"start":{"line":239,"column":20},"end":{"line":239,"column":53}},"118":{"start":{"line":241,"column":45},"end":{"line":241,"column":58}},"119":{"start":{"line":242,"column":37},"end":{"line":242,"column":80}},"120":{"start":{"line":248,"column":8},"end":{"line":248,"column":22}},"121":{"start":{"line":252,"column":8},"end":{"line":252,"column":53}},"122":{"start":{"line":252,"column":40},"end":{"line":252,"column":50}},"123":{"start":{"line":257,"column":19},"end":{"line":257,"column":63}},"124":{"start":{"line":257,"column":35},"end":{"line":257,"column":62}},"125":{"start":{"line":258,"column":8},"end":{"line":260,"column":9}},"126":{"start":{"line":258,"column":21},"end":{"line":258,"column":22}},"127":{"start":{"line":259,"column":12},"end":{"line":259,"column":42}},"128":{"start":{"line":261,"column":8},"end":{"line":261,"column":20}},"129":{"start":{"line":265,"column":8},"end":{"line":265,"column":58}},"130":{"start":{"line":265,"column":31},"end":{"line":265,"column":45}}},"fnMap":{"0":{"name":"(anonymous_0)","decl":{"start":{"line":8,"column":12},"end":{"line":8,"column":13}},"loc":{"start":{"line":8,"column":17},"end":{"line":8,"column":28}},"line":8},"1":{"name":"(anonymous_1)","decl":{"start":{"line":9,"column":12},"end":{"line":9,"column":13}},"loc":{"start":{"line":9,"column":17},"end":{"line":9,"column":28}},"line":9},"2":{"name":"(anonymous_2)","decl":{"start":{"line":10,"column":12},"end":{"line":10,"column":13}},"loc":{"start":{"line":10,"column":17},"end":{"line":10,"column":32}},"line":10},"3":{"name":"(anonymous_3)","decl":{"start":{"line":11,"column":12},"end":{"line":11,"column":13}},"loc":{"start":{"line":11,"column":17},"end":{"line":11,"column":32}},"line":11},"4":{"name":"(anonymous_4)","decl":{"start":{"line":14,"column":4},"end":{"line":14,"column":5}},"loc":{"start":{"line":14,"column":14},"end":{"line":16,"column":5}},"line":14},"5":{"name":"(anonymous_5)","decl":{"start":{"line":17,"column":4},"end":{"line":17,"column":5}},"loc":{"start":{"line":17,"column":14},"end":{"line":19,"column":5}},"line":17},"6":{"name":"(anonymous_6)","decl":{"start":{"line":20,"column":4},"end":{"line":20,"column":5}},"loc":{"start":{"line":20,"column":14},"end":{"line":22,"column":5}},"line":20},"7":{"name":"intersect","decl":{"start":{"line":25,"column":9},"end":{"line":25,"column":18}},"loc":{"start":{"line":25,"column":57},"end":{"line":33,"column":1}},"line":25},"8":{"name":"(anonymous_8)","decl":{"start":{"line":28,"column":13},"end":{"line":28,"column":14}},"loc":{"start":{"line":28,"column":33},"end":{"line":28,"column":74}},"line":28},"9":{"name":"(anonymous_9)","decl":{"start":{"line":36,"column":4},"end":{"line":36,"column":5}},"loc":{"start":{"line":36,"column":24},"end":{"line":38,"column":5}},"line":36},"10":{"name":"(anonymous_10)","decl":{"start":{"line":40,"column":4},"end":{"line":40,"column":5}},"loc":{"start":{"line":40,"column":44},"end":{"line":45,"column":5}},"line":40},"11":{"name":"(anonymous_11)","decl":{"start":{"line":43,"column":35},"end":{"line":43,"column":36}},"loc":{"start":{"line":43,"column":51},"end":{"line":43,"column":70}},"line":43},"12":{"name":"(anonymous_12)","decl":{"start":{"line":47,"column":4},"end":{"line":47,"column":5}},"loc":{"start":{"line":47,"column":12},"end":{"line":66,"column":5}},"line":47},"13":{"name":"(anonymous_13)","decl":{"start":{"line":68,"column":4},"end":{"line":68,"column":5}},"loc":{"start":{"line":68,"column":19},"end":{"line":74,"column":5}},"line":68},"14":{"name":"(anonymous_14)","decl":{"start":{"line":76,"column":4},"end":{"line":76,"column":5}},"loc":{"start":{"line":76,"column":25},"end":{"line":81,"column":5}},"line":76},"15":{"name":"(anonymous_15)","decl":{"start":{"line":83,"column":4},"end":{"line":83,"column":5}},"loc":{"start":{"line":83,"column":24},"end":{"line":89,"column":5}},"line":83},"16":{"name":"(anonymous_16)","decl":{"start":{"line":91,"column":4},"end":{"line":91,"column":5}},"loc":{"start":{"line":91,"column":10},"end":{"line":96,"column":5}},"line":91},"17":{"name":"(anonymous_17)","decl":{"start":{"line":98,"column":4},"end":{"line":98,"column":5}},"loc":{"start":{"line":98,"column":10},"end":{"line":105,"column":5}},"line":98},"18":{"name":"(anonymous_18)","decl":{"start":{"line":103,"column":30},"end":{"line":103,"column":31}},"loc":{"start":{"line":103,"column":37},"end":{"line":103,"column":53}},"line":103},"19":{"name":"(anonymous_19)","decl":{"start":{"line":107,"column":4},"end":{"line":107,"column":5}},"loc":{"start":{"line":107,"column":14},"end":{"line":117,"column":5}},"line":107},"20":{"name":"(anonymous_20)","decl":{"start":{"line":111,"column":17},"end":{"line":111,"column":18}},"loc":{"start":{"line":111,"column":22},"end":{"line":115,"column":13}},"line":111},"21":{"name":"(anonymous_21)","decl":{"start":{"line":119,"column":4},"end":{"line":119,"column":5}},"loc":{"start":{"line":119,"column":15},"end":{"line":121,"column":5}},"line":119},"22":{"name":"(anonymous_22)","decl":{"start":{"line":125,"column":4},"end":{"line":125,"column":5}},"loc":{"start":{"line":125,"column":28},"end":{"line":138,"column":5}},"line":125},"23":{"name":"(anonymous_23)","decl":{"start":{"line":146,"column":4},"end":{"line":146,"column":5}},"loc":{"start":{"line":146,"column":28},"end":{"line":153,"column":5}},"line":146},"24":{"name":"(anonymous_24)","decl":{"start":{"line":161,"column":4},"end":{"line":161,"column":5}},"loc":{"start":{"line":161,"column":36},"end":{"line":180,"column":5}},"line":161},"25":{"name":"(anonymous_25)","decl":{"start":{"line":167,"column":57},"end":{"line":167,"column":58}},"loc":{"start":{"line":167,"column":62},"end":{"line":167,"column":83}},"line":167},"26":{"name":"(anonymous_26)","decl":{"start":{"line":182,"column":4},"end":{"line":182,"column":5}},"loc":{"start":{"line":182,"column":25},"end":{"line":204,"column":5}},"line":182},"27":{"name":"(anonymous_27)","decl":{"start":{"line":184,"column":42},"end":{"line":184,"column":43}},"loc":{"start":{"line":184,"column":63},"end":{"line":184,"column":69}},"line":184},"28":{"name":"(anonymous_28)","decl":{"start":{"line":193,"column":42},"end":{"line":193,"column":43}},"loc":{"start":{"line":193,"column":96},"end":{"line":193,"column":118}},"line":193},"29":{"name":"(anonymous_29)","decl":{"start":{"line":194,"column":42},"end":{"line":194,"column":43}},"loc":{"start":{"line":194,"column":96},"end":{"line":194,"column":117}},"line":194},"30":{"name":"(anonymous_30)","decl":{"start":{"line":195,"column":42},"end":{"line":195,"column":43}},"loc":{"start":{"line":195,"column":96},"end":{"line":195,"column":118}},"line":195},"31":{"name":"(anonymous_31)","decl":{"start":{"line":196,"column":42},"end":{"line":196,"column":43}},"loc":{"start":{"line":196,"column":96},"end":{"line":196,"column":117}},"line":196},"32":{"name":"(anonymous_32)","decl":{"start":{"line":206,"column":4},"end":{"line":206,"column":5}},"loc":{"start":{"line":206,"column":15},"end":{"line":249,"column":4}},"line":206},"33":{"name":"(anonymous_33)","decl":{"start":{"line":251,"column":4},"end":{"line":251,"column":5}},"loc":{"start":{"line":251,"column":12},"end":{"line":253,"column":5}},"line":251},"34":{"name":"(anonymous_34)","decl":{"start":{"line":252,"column":35},"end":{"line":252,"column":36}},"loc":{"start":{"line":252,"column":40},"end":{"line":252,"column":50}},"line":252},"35":{"name":"(anonymous_35)","decl":{"start":{"line":255,"column":4},"end":{"line":255,"column":5}},"loc":{"start":{"line":255,"column":10},"end":{"line":262,"column":5}},"line":255},"36":{"name":"(anonymous_36)","decl":{"start":{"line":257,"column":28},"end":{"line":257,"column":29}},"loc":{"start":{"line":257,"column":35},"end":{"line":257,"column":62}},"line":257},"37":{"name":"(anonymous_37)","decl":{"start":{"line":264,"column":4},"end":{"line":264,"column":5}},"loc":{"start":{"line":264,"column":14},"end":{"line":266,"column":5}},"line":264},"38":{"name":"(anonymous_38)","decl":{"start":{"line":265,"column":24},"end":{"line":265,"column":25}},"loc":{"start":{"line":265,"column":31},"end":{"line":265,"column":45}},"line":265}},"branchMap":{"0":{"loc":{"start":{"line":15,"column":15},"end":{"line":15,"column":41}},"type":"binary-expr","locations":[{"start":{"line":15,"column":15},"end":{"line":15,"column":21}},{"start":{"line":15,"column":25},"end":{"line":15,"column":31}},{"start":{"line":15,"column":35},"end":{"line":15,"column":41}}],"line":15},"1":{"loc":{"start":{"line":18,"column":15},"end":{"line":18,"column":41}},"type":"binary-expr","locations":[{"start":{"line":18,"column":15},"end":{"line":18,"column":21}},{"start":{"line":18,"column":25},"end":{"line":18,"column":31}},{"start":{"line":18,"column":35},"end":{"line":18,"column":41}}],"line":18},"2":{"loc":{"start":{"line":21,"column":15},"end":{"line":21,"column":51}},"type":"binary-expr","locations":[{"start":{"line":21,"column":15},"end":{"line":21,"column":21}},{"start":{"line":21,"column":25},"end":{"line":21,"column":31}},{"start":{"line":21,"column":35},"end":{"line":21,"column":41}},{"start":{"line":21,"column":45},"end":{"line":21,"column":51}}],"line":21},"3":{"loc":{"start":{"line":25,"column":36},"end":{"line":25,"column":56}},"type":"default-arg","locations":[{"start":{"line":25,"column":54},"end":{"line":25,"column":56}}],"line":25},"4":{"loc":{"start":{"line":25,"column":37},"end":{"line":25,"column":52}},"type":"default-arg","locations":[{"start":{"line":25,"column":46},"end":{"line":25,"column":52}}],"line":25},"5":{"loc":{"start":{"line":40,"column":26},"end":{"line":40,"column":43}},"type":"default-arg","locations":[{"start":{"line":40,"column":41},"end":{"line":40,"column":43}}],"line":40},"6":{"loc":{"start":{"line":40,"column":27},"end":{"line":40,"column":39}},"type":"default-arg","locations":[{"start":{"line":40,"column":34},"end":{"line":40,"column":39}}],"line":40},"7":{"loc":{"start":{"line":41,"column":27},"end":{"line":41,"column":63}},"type":"cond-expr","locations":[{"start":{"line":41,"column":36},"end":{"line":41,"column":56}},{"start":{"line":41,"column":59},"end":{"line":41,"column":63}}],"line":41},"8":{"loc":{"start":{"line":51,"column":12},"end":{"line":54,"column":13}},"type":"if","locations":[{"start":{"line":51,"column":12},"end":{"line":54,"column":13}},{"start":{"line":51,"column":12},"end":{"line":54,"column":13}}],"line":51},"9":{"loc":{"start":{"line":55,"column":12},"end":{"line":58,"column":13}},"type":"if","locations":[{"start":{"line":55,"column":12},"end":{"line":58,"column":13}},{"start":{"line":55,"column":12},"end":{"line":58,"column":13}}],"line":55},"10":{"loc":{"start":{"line":62,"column":8},"end":{"line":64,"column":9}},"type":"if","locations":[{"start":{"line":62,"column":8},"end":{"line":64,"column":9}},{"start":{"line":62,"column":8},"end":{"line":64,"column":9}}],"line":62},"11":{"loc":{"start":{"line":84,"column":29},"end":{"line":84,"column":51}},"type":"binary-expr","locations":[{"start":{"line":84,"column":29},"end":{"line":84,"column":35}},{"start":{"line":84,"column":39},"end":{"line":84,"column":51}}],"line":84},"12":{"loc":{"start":{"line":100,"column":8},"end":{"line":102,"column":9}},"type":"if","locations":[{"start":{"line":100,"column":8},"end":{"line":102,"column":9}},{"start":{"line":100,"column":8},"end":{"line":102,"column":9}}],"line":100},"13":{"loc":{"start":{"line":100,"column":12},"end":{"line":100,"column":64}},"type":"binary-expr","locations":[{"start":{"line":100,"column":12},"end":{"line":100,"column":27}},{"start":{"line":100,"column":31},"end":{"line":100,"column":64}}],"line":100},"14":{"loc":{"start":{"line":126,"column":8},"end":{"line":137,"column":9}},"type":"if","locations":[{"start":{"line":126,"column":8},"end":{"line":137,"column":9}},{"start":{"line":126,"column":8},"end":{"line":137,"column":9}}],"line":126},"15":{"loc":{"start":{"line":128,"column":15},"end":{"line":137,"column":9}},"type":"if","locations":[{"start":{"line":128,"column":15},"end":{"line":137,"column":9}},{"start":{"line":128,"column":15},"end":{"line":137,"column":9}}],"line":128},"16":{"loc":{"start":{"line":130,"column":15},"end":{"line":137,"column":9}},"type":"if","locations":[{"start":{"line":130,"column":15},"end":{"line":137,"column":9}},{"start":{"line":130,"column":15},"end":{"line":137,"column":9}}],"line":130},"17":{"loc":{"start":{"line":163,"column":8},"end":{"line":179,"column":9}},"type":"if","locations":[{"start":{"line":163,"column":8},"end":{"line":179,"column":9}},{"start":{"line":163,"column":8},"end":{"line":179,"column":9}}],"line":163},"18":{"loc":{"start":{"line":163,"column":12},"end":{"line":163,"column":60}},"type":"binary-expr","locations":[{"start":{"line":163,"column":12},"end":{"line":163,"column":31}},{"start":{"line":163,"column":35},"end":{"line":163,"column":60}}],"line":163},"19":{"loc":{"start":{"line":167,"column":15},"end":{"line":179,"column":9}},"type":"if","locations":[{"start":{"line":167,"column":15},"end":{"line":179,"column":9}},{"start":{"line":167,"column":15},"end":{"line":179,"column":9}}],"line":167},"20":{"loc":{"start":{"line":167,"column":19},"end":{"line":167,"column":84}},"type":"binary-expr","locations":[{"start":{"line":167,"column":19},"end":{"line":167,"column":40}},{"start":{"line":167,"column":44},"end":{"line":167,"column":84}}],"line":167},"21":{"loc":{"start":{"line":193,"column":96},"end":{"line":193,"column":118}},"type":"binary-expr","locations":[{"start":{"line":193,"column":96},"end":{"line":193,"column":103}},{"start":{"line":193,"column":109},"end":{"line":193,"column":118}}],"line":193},"22":{"loc":{"start":{"line":194,"column":96},"end":{"line":194,"column":117}},"type":"binary-expr","locations":[{"start":{"line":194,"column":96},"end":{"line":194,"column":104}},{"start":{"line":194,"column":110},"end":{"line":194,"column":117}}],"line":194},"23":{"loc":{"start":{"line":195,"column":96},"end":{"line":195,"column":118}},"type":"binary-expr","locations":[{"start":{"line":195,"column":96},"end":{"line":195,"column":103}},{"start":{"line":195,"column":110},"end":{"line":195,"column":118}}],"line":195},"24":{"loc":{"start":{"line":196,"column":96},"end":{"line":196,"column":117}},"type":"binary-expr","locations":[{"start":{"line":196,"column":96},"end":{"line":196,"column":105}},{"start":{"line":196,"column":110},"end":{"line":196,"column":117}}],"line":196},"25":{"loc":{"start":{"line":212,"column":29},"end":{"line":212,"column":97}},"type":"cond-expr","locations":[{"start":{"line":212,"column":44},"end":{"line":212,"column":50}},{"start":{"line":212,"column":53},"end":{"line":212,"column":97}}],"line":212},"26":{"loc":{"start":{"line":212,"column":53},"end":{"line":212,"column":97}},"type":"cond-expr","locations":[{"start":{"line":212,"column":82},"end":{"line":212,"column":88}},{"start":{"line":212,"column":91},"end":{"line":212,"column":97}}],"line":212},"27":{"loc":{"start":{"line":216,"column":12},"end":{"line":245,"column":13}},"type":"if","locations":[{"start":{"line":216,"column":12},"end":{"line":245,"column":13}},{"start":{"line":216,"column":12},"end":{"line":245,"column":13}}],"line":216},"28":{"loc":{"start":{"line":219,"column":16},"end":{"line":222,"column":17}},"type":"if","locations":[{"start":{"line":219,"column":16},"end":{"line":222,"column":17}},{"start":{"line":219,"column":16},"end":{"line":222,"column":17}}],"line":219},"29":{"loc":{"start":{"line":224,"column":34},"end":{"line":226,"column":35}},"type":"cond-expr","locations":[{"start":{"line":225,"column":22},"end":{"line":225,"column":38}},{"start":{"line":226,"column":22},"end":{"line":226,"column":35}}],"line":224},"30":{"loc":{"start":{"line":237,"column":16},"end":{"line":243,"column":17}},"type":"if","locations":[{"start":{"line":237,"column":16},"end":{"line":243,"column":17}},{"start":{"line":237,"column":16},"end":{"line":243,"column":17}}],"line":237},"31":{"loc":{"start":{"line":257,"column":35},"end":{"line":257,"column":62}},"type":"cond-expr","locations":[{"start":{"line":257,"column":46},"end":{"line":257,"column":56}},{"start":{"line":257,"column":59},"end":{"line":257,"column":62}}],"line":257}},"s":{"0":1,"1":1,"2":0,"3":1,"4":0,"5":1,"6":0,"7":1,"8":0,"9":1,"10":0,"11":0,"12":0,"13":0,"14":0,"15":28,"16":9,"17":9,"18":58,"19":9,"20":10,"21":10,"22":40,"23":10,"24":10,"25":40,"26":40,"27":40,"28":10,"29":4,"30":10,"31":2,"32":2,"33":12,"34":2,"35":2,"36":6,"37":1,"38":1,"39":1,"40":3,"41":1,"42":1,"43":2,"44":3,"45":1,"46":2,"47":18,"48":2,"49":1,"50":1,"51":9,"52":9,"53":9,"54":1,"55":2,"56":1,"57":1,"58":0,"59":1,"60":1,"61":0,"62":1,"63":1,"64":1,"65":1,"66":1,"67":1,"68":0,"69":0,"70":0,"71":1,"72":2,"73":1,"74":2,"75":2,"76":2,"77":2,"78":2,"79":1,"80":0,"81":1,"82":4,"83":1,"84":1,"85":1,"86":1,"87":1,"88":10,"89":1,"90":3,"91":1,"92":4,"93":1,"94":9,"95":1,"96":1,"97":1,"98":1,"99":0,"100":0,"101":0,"102":0,"103":0,"104":0,"105":0,"106":0,"107":0,"108":0,"109":0,"110":0,"111":0,"112":0,"113":0,"114":0,"115":0,"116":0,"117":0,"118":0,"119":0,"120":0,"121":0,"122":0,"123":0,"124":0,"125":0,"126":0,"127":0,"128":0,"129":1,"130":10},"f":{"0":0,"1":0,"2":0,"3":0,"4":0,"5":0,"6":0,"7":0,"8":0,"9":28,"10":9,"11":58,"12":10,"13":2,"14":2,"15":1,"16":1,"17":3,"18":18,"19":1,"20":9,"21":1,"22":2,"23":1,"24":1,"25":2,"26":1,"27":4,"28":10,"29":3,"30":4,"31":9,"32":0,"33":0,"34":0,"35":0,"36":0,"37":1,"38":10},"b":{"0":[0,0,0],"1":[0,0,0],"2":[0,0,0,0],"3":[0],"4":[0],"5":[4],"6":[4],"7":[5,4],"8":[10,30],"9":[40,0],"10":[4,6],"11":[1,0],"12":[1,2],"13":[3,3],"14":[1,1],"15":[0,1],"16":[1,0],"17":[0,1],"18":[1,0],"19":[1,0],"20":[1,1],"21":[10,2],"22":[3,1],"23":[4,1],"24":[9,7],"25":[0,0],"26":[0,0],"27":[0,0],"28":[0,0],"29":[0,0],"30":[0,0],"31":[0,0]},"_coverageSchema":"1a1c01bbd47fc00a2c39e90264f33305004495a9","hash":"8dbce27526e4ad9c575ee60903d3b80405d56baa"}
,"/Users/yuetao/Projects/typedef/src/Torque.js": {"path":"/Users/yuetao/Projects/typedef/src/Torque.js","statementMap":{"0":{"start":{"line":6,"column":22},"end":{"line":8,"column":89}},"1":{"start":{"line":7,"column":26},"end":{"line":7,"column":39}},"2":{"start":{"line":8,"column":54},"end":{"line":8,"column":77}},"3":{"start":{"line":9,"column":22},"end":{"line":11,"column":47}},"4":{"start":{"line":10,"column":26},"end":{"line":10,"column":32}},"5":{"start":{"line":11,"column":36},"end":{"line":11,"column":43}},"6":{"start":{"line":13,"column":8},"end":{"line":13,"column":60}},"7":{"start":{"line":15,"column":8},"end":{"line":18,"column":10}},"8":{"start":{"line":22,"column":8},"end":{"line":22,"column":80}},"9":{"start":{"line":27,"column":8},"end":{"line":27,"column":29}},"10":{"start":{"line":28,"column":8},"end":{"line":28,"column":27}},"11":{"start":{"line":32,"column":31},"end":{"line":32,"column":35}},"12":{"start":{"line":33,"column":21},"end":{"line":33,"column":34}},"13":{"start":{"line":34,"column":8},"end":{"line":34,"column":24}},"14":{"start":{"line":35,"column":8},"end":{"line":35,"column":20}}},"fnMap":{"0":{"name":"(anonymous_0)","decl":{"start":{"line":5,"column":4},"end":{"line":5,"column":5}},"loc":{"start":{"line":5,"column":23},"end":{"line":19,"column":5}},"line":5},"1":{"name":"(anonymous_1)","decl":{"start":{"line":7,"column":21},"end":{"line":7,"column":22}},"loc":{"start":{"line":7,"column":26},"end":{"line":7,"column":39}},"line":7},"2":{"name":"(anonymous_2)","decl":{"start":{"line":8,"column":24},"end":{"line":8,"column":25}},"loc":{"start":{"line":8,"column":54},"end":{"line":8,"column":77}},"line":8},"3":{"name":"(anonymous_3)","decl":{"start":{"line":10,"column":21},"end":{"line":10,"column":22}},"loc":{"start":{"line":10,"column":26},"end":{"line":10,"column":32}},"line":10},"4":{"name":"(anonymous_4)","decl":{"start":{"line":11,"column":24},"end":{"line":11,"column":25}},"loc":{"start":{"line":11,"column":36},"end":{"line":11,"column":43}},"line":11},"5":{"name":"(anonymous_5)","decl":{"start":{"line":21,"column":4},"end":{"line":21,"column":5}},"loc":{"start":{"line":21,"column":23},"end":{"line":23,"column":5}},"line":21},"6":{"name":"(anonymous_6)","decl":{"start":{"line":25,"column":4},"end":{"line":25,"column":5}},"loc":{"start":{"line":25,"column":46},"end":{"line":29,"column":5}},"line":25},"7":{"name":"(anonymous_7)","decl":{"start":{"line":31,"column":4},"end":{"line":31,"column":5}},"loc":{"start":{"line":31,"column":15},"end":{"line":36,"column":5}},"line":31}},"branchMap":{"0":{"loc":{"start":{"line":13,"column":21},"end":{"line":13,"column":59}},"type":"cond-expr","locations":[{"start":{"line":13,"column":46},"end":{"line":13,"column":47}},{"start":{"line":13,"column":50},"end":{"line":13,"column":59}}],"line":13},"1":{"loc":{"start":{"line":25,"column":16},"end":{"line":25,"column":45}},"type":"default-arg","locations":[{"start":{"line":25,"column":43},"end":{"line":25,"column":45}}],"line":25},"2":{"loc":{"start":{"line":25,"column":17},"end":{"line":25,"column":33}},"type":"default-arg","locations":[{"start":{"line":25,"column":24},"end":{"line":25,"column":33}}],"line":25},"3":{"loc":{"start":{"line":25,"column":35},"end":{"line":25,"column":41}},"type":"default-arg","locations":[{"start":{"line":25,"column":40},"end":{"line":25,"column":41}}],"line":25}},"s":{"0":2,"1":2,"2":2,"3":2,"4":2,"5":2,"6":2,"7":2,"8":4,"9":10,"10":10,"11":2,"12":2,"13":2,"14":2},"f":{"0":2,"1":2,"2":2,"3":2,"4":2,"5":4,"6":10,"7":2},"b":{"0":[1,1],"1":[1],"2":[2],"3":[2]},"_coverageSchema":"1a1c01bbd47fc00a2c39e90264f33305004495a9","hash":"69d9dd64cc47123a2a5cbc41f55031adabc368b9"}
,"/Users/yuetao/Projects/typedef/src/Vec.js": {"path":"/Users/yuetao/Projects/typedef/src/Vec.js","statementMap":{"0":{"start":{"line":1,"column":16},"end":{"line":1,"column":20}},"1":{"start":{"line":11,"column":8},"end":{"line":42,"column":9}},"2":{"start":{"line":13,"column":12},"end":{"line":38,"column":13}},"3":{"start":{"line":16,"column":16},"end":{"line":16,"column":27}},"4":{"start":{"line":17,"column":16},"end":{"line":17,"column":27}},"5":{"start":{"line":18,"column":19},"end":{"line":38,"column":13}},"6":{"start":{"line":22,"column":16},"end":{"line":22,"column":29}},"7":{"start":{"line":23,"column":16},"end":{"line":23,"column":29}},"8":{"start":{"line":24,"column":19},"end":{"line":38,"column":13}},"9":{"start":{"line":28,"column":16},"end":{"line":28,"column":61}},"10":{"start":{"line":29,"column":16},"end":{"line":29,"column":61}},"11":{"start":{"line":30,"column":19},"end":{"line":38,"column":13}},"12":{"start":{"line":34,"column":16},"end":{"line":34,"column":49}},"13":{"start":{"line":35,"column":16},"end":{"line":35,"column":49}},"14":{"start":{"line":37,"column":16},"end":{"line":37,"column":104}},"15":{"start":{"line":40,"column":12},"end":{"line":40,"column":23}},"16":{"start":{"line":41,"column":12},"end":{"line":41,"column":23}},"17":{"start":{"line":43,"column":8},"end":{"line":43,"column":25}},"18":{"start":{"line":47,"column":8},"end":{"line":53,"column":9}},"19":{"start":{"line":48,"column":12},"end":{"line":48,"column":24}},"20":{"start":{"line":49,"column":12},"end":{"line":49,"column":24}},"21":{"start":{"line":51,"column":12},"end":{"line":51,"column":24}},"22":{"start":{"line":52,"column":12},"end":{"line":52,"column":24}},"23":{"start":{"line":57,"column":8},"end":{"line":65,"column":9}},"24":{"start":{"line":58,"column":12},"end":{"line":58,"column":26}},"25":{"start":{"line":59,"column":12},"end":{"line":59,"column":26}},"26":{"start":{"line":60,"column":15},"end":{"line":65,"column":9}},"27":{"start":{"line":61,"column":12},"end":{"line":61,"column":28}},"28":{"start":{"line":62,"column":12},"end":{"line":62,"column":28}},"29":{"start":{"line":64,"column":12},"end":{"line":64,"column":65}},"30":{"start":{"line":70,"column":8},"end":{"line":70,"column":39}},"31":{"start":{"line":71,"column":8},"end":{"line":71,"column":25}},"32":{"start":{"line":72,"column":8},"end":{"line":72,"column":26}},"33":{"start":{"line":84,"column":8},"end":{"line":84,"column":39}},"34":{"start":{"line":86,"column":23},"end":{"line":86,"column":27}},"35":{"start":{"line":87,"column":8},"end":{"line":108,"column":9}},"36":{"start":{"line":89,"column":16},"end":{"line":89,"column":28}},"37":{"start":{"line":90,"column":16},"end":{"line":90,"column":28}},"38":{"start":{"line":91,"column":16},"end":{"line":91,"column":22}},"39":{"start":{"line":93,"column":16},"end":{"line":93,"column":28}},"40":{"start":{"line":94,"column":16},"end":{"line":94,"column":28}},"41":{"start":{"line":95,"column":16},"end":{"line":95,"column":22}},"42":{"start":{"line":98,"column":16},"end":{"line":98,"column":28}},"43":{"start":{"line":99,"column":16},"end":{"line":99,"column":28}},"44":{"start":{"line":100,"column":16},"end":{"line":100,"column":22}},"45":{"start":{"line":102,"column":26},"end":{"line":102,"column":47}},"46":{"start":{"line":103,"column":22},"end":{"line":103,"column":35}},"47":{"start":{"line":104,"column":22},"end":{"line":104,"column":35}},"48":{"start":{"line":106,"column":16},"end":{"line":106,"column":43}},"49":{"start":{"line":107,"column":16},"end":{"line":107,"column":43}},"50":{"start":{"line":110,"column":8},"end":{"line":110,"column":27}},"51":{"start":{"line":114,"column":23},"end":{"line":114,"column":27}},"52":{"start":{"line":115,"column":8},"end":{"line":115,"column":20}},"53":{"start":{"line":116,"column":8},"end":{"line":116,"column":20}},"54":{"start":{"line":123,"column":8},"end":{"line":123,"column":28}},"55":{"start":{"line":128,"column":8},"end":{"line":128,"column":47}},"56":{"start":{"line":132,"column":8},"end":{"line":132,"column":47}},"57":{"start":{"line":136,"column":8},"end":{"line":139,"column":9}},"58":{"start":{"line":165,"column":8},"end":{"line":165,"column":49}},"59":{"start":{"line":169,"column":8},"end":{"line":169,"column":49}},"60":{"start":{"line":173,"column":8},"end":{"line":173,"column":42}},"61":{"start":{"line":177,"column":18},"end":{"line":177,"column":28}},"62":{"start":{"line":178,"column":8},"end":{"line":178,"column":48}},"63":{"start":{"line":182,"column":8},"end":{"line":182,"column":58}},"64":{"start":{"line":186,"column":8},"end":{"line":186,"column":40}},"65":{"start":{"line":194,"column":8},"end":{"line":194,"column":52}},"66":{"start":{"line":202,"column":8},"end":{"line":202,"column":78}},"67":{"start":{"line":206,"column":8},"end":{"line":210,"column":9}},"68":{"start":{"line":207,"column":12},"end":{"line":207,"column":171}},"69":{"start":{"line":207,"column":112},"end":{"line":207,"column":127}},"70":{"start":{"line":207,"column":145},"end":{"line":207,"column":156}},"71":{"start":{"line":209,"column":12},"end":{"line":209,"column":65}}},"fnMap":{"0":{"name":"(anonymous_0)","decl":{"start":{"line":10,"column":4},"end":{"line":10,"column":5}},"loc":{"start":{"line":10,"column":30},"end":{"line":44,"column":5}},"line":10},"1":{"name":"(anonymous_1)","decl":{"start":{"line":46,"column":4},"end":{"line":46,"column":5}},"loc":{"start":{"line":46,"column":33},"end":{"line":54,"column":5}},"line":46},"2":{"name":"(anonymous_2)","decl":{"start":{"line":56,"column":4},"end":{"line":56,"column":5}},"loc":{"start":{"line":56,"column":13},"end":{"line":66,"column":5}},"line":56},"3":{"name":"(anonymous_3)","decl":{"start":{"line":68,"column":4},"end":{"line":68,"column":5}},"loc":{"start":{"line":68,"column":39},"end":{"line":73,"column":5}},"line":68},"4":{"name":"(anonymous_4)","decl":{"start":{"line":82,"column":4},"end":{"line":82,"column":5}},"loc":{"start":{"line":82,"column":41},"end":{"line":111,"column":5}},"line":82},"5":{"name":"(anonymous_5)","decl":{"start":{"line":113,"column":4},"end":{"line":113,"column":5}},"loc":{"start":{"line":113,"column":9},"end":{"line":117,"column":5}},"line":113},"6":{"name":"(anonymous_6)","decl":{"start":{"line":122,"column":4},"end":{"line":122,"column":5}},"loc":{"start":{"line":122,"column":11},"end":{"line":124,"column":5}},"line":122},"7":{"name":"(anonymous_7)","decl":{"start":{"line":127,"column":4},"end":{"line":127,"column":5}},"loc":{"start":{"line":127,"column":15},"end":{"line":129,"column":5}},"line":127},"8":{"name":"(anonymous_8)","decl":{"start":{"line":131,"column":4},"end":{"line":131,"column":5}},"loc":{"start":{"line":131,"column":16},"end":{"line":133,"column":5}},"line":131},"9":{"name":"(anonymous_9)","decl":{"start":{"line":135,"column":4},"end":{"line":135,"column":5}},"loc":{"start":{"line":135,"column":23},"end":{"line":140,"column":5}},"line":135},"10":{"name":"(anonymous_10)","decl":{"start":{"line":164,"column":4},"end":{"line":164,"column":5}},"loc":{"start":{"line":164,"column":15},"end":{"line":166,"column":5}},"line":164},"11":{"name":"(anonymous_11)","decl":{"start":{"line":168,"column":4},"end":{"line":168,"column":5}},"loc":{"start":{"line":168,"column":13},"end":{"line":170,"column":5}},"line":168},"12":{"name":"(anonymous_12)","decl":{"start":{"line":172,"column":4},"end":{"line":172,"column":5}},"loc":{"start":{"line":172,"column":9},"end":{"line":174,"column":5}},"line":172},"13":{"name":"(anonymous_13)","decl":{"start":{"line":176,"column":4},"end":{"line":176,"column":5}},"loc":{"start":{"line":176,"column":10},"end":{"line":179,"column":5}},"line":176},"14":{"name":"(anonymous_14)","decl":{"start":{"line":181,"column":4},"end":{"line":181,"column":5}},"loc":{"start":{"line":181,"column":11},"end":{"line":183,"column":5}},"line":181},"15":{"name":"(anonymous_15)","decl":{"start":{"line":185,"column":4},"end":{"line":185,"column":5}},"loc":{"start":{"line":185,"column":32},"end":{"line":187,"column":5}},"line":185},"16":{"name":"(anonymous_16)","decl":{"start":{"line":193,"column":4},"end":{"line":193,"column":5}},"loc":{"start":{"line":193,"column":23},"end":{"line":195,"column":5}},"line":193},"17":{"name":"(anonymous_17)","decl":{"start":{"line":201,"column":4},"end":{"line":201,"column":5}},"loc":{"start":{"line":201,"column":10},"end":{"line":203,"column":5}},"line":201},"18":{"name":"(anonymous_18)","decl":{"start":{"line":205,"column":4},"end":{"line":205,"column":5}},"loc":{"start":{"line":205,"column":14},"end":{"line":211,"column":5}},"line":205},"19":{"name":"(anonymous_19)","decl":{"start":{"line":207,"column":101},"end":{"line":207,"column":102}},"loc":{"start":{"line":207,"column":112},"end":{"line":207,"column":127}},"line":207},"20":{"name":"(anonymous_20)","decl":{"start":{"line":207,"column":133},"end":{"line":207,"column":134}},"loc":{"start":{"line":207,"column":145},"end":{"line":207,"column":156}},"line":207}},"branchMap":{"0":{"loc":{"start":{"line":10,"column":22},"end":{"line":10,"column":29}},"type":"default-arg","locations":[{"start":{"line":10,"column":27},"end":{"line":10,"column":29}}],"line":10},"1":{"loc":{"start":{"line":11,"column":8},"end":{"line":42,"column":9}},"type":"if","locations":[{"start":{"line":11,"column":8},"end":{"line":42,"column":9}},{"start":{"line":11,"column":8},"end":{"line":42,"column":9}}],"line":11},"2":{"loc":{"start":{"line":13,"column":12},"end":{"line":38,"column":13}},"type":"if","locations":[{"start":{"line":13,"column":12},"end":{"line":38,"column":13}},{"start":{"line":13,"column":12},"end":{"line":38,"column":13}}],"line":13},"3":{"loc":{"start":{"line":18,"column":19},"end":{"line":38,"column":13}},"type":"if","locations":[{"start":{"line":18,"column":19},"end":{"line":38,"column":13}},{"start":{"line":18,"column":19},"end":{"line":38,"column":13}}],"line":18},"4":{"loc":{"start":{"line":24,"column":19},"end":{"line":38,"column":13}},"type":"if","locations":[{"start":{"line":24,"column":19},"end":{"line":38,"column":13}},{"start":{"line":24,"column":19},"end":{"line":38,"column":13}}],"line":24},"5":{"loc":{"start":{"line":24,"column":23},"end":{"line":24,"column":65}},"type":"binary-expr","locations":[{"start":{"line":24,"column":23},"end":{"line":24,"column":42}},{"start":{"line":24,"column":46},"end":{"line":24,"column":65}}],"line":24},"6":{"loc":{"start":{"line":30,"column":19},"end":{"line":38,"column":13}},"type":"if","locations":[{"start":{"line":30,"column":19},"end":{"line":38,"column":13}},{"start":{"line":30,"column":19},"end":{"line":38,"column":13}}],"line":30},"7":{"loc":{"start":{"line":46,"column":18},"end":{"line":46,"column":32}},"type":"default-arg","locations":[{"start":{"line":46,"column":30},"end":{"line":46,"column":32}}],"line":46},"8":{"loc":{"start":{"line":46,"column":19},"end":{"line":46,"column":28}},"type":"default-arg","locations":[{"start":{"line":46,"column":23},"end":{"line":46,"column":28}}],"line":46},"9":{"loc":{"start":{"line":47,"column":8},"end":{"line":53,"column":9}},"type":"if","locations":[{"start":{"line":47,"column":8},"end":{"line":53,"column":9}},{"start":{"line":47,"column":8},"end":{"line":53,"column":9}}],"line":47},"10":{"loc":{"start":{"line":57,"column":8},"end":{"line":65,"column":9}},"type":"if","locations":[{"start":{"line":57,"column":8},"end":{"line":65,"column":9}},{"start":{"line":57,"column":8},"end":{"line":65,"column":9}}],"line":57},"11":{"loc":{"start":{"line":60,"column":15},"end":{"line":65,"column":9}},"type":"if","locations":[{"start":{"line":60,"column":15},"end":{"line":65,"column":9}},{"start":{"line":60,"column":15},"end":{"line":65,"column":9}}],"line":60},"12":{"loc":{"start":{"line":68,"column":17},"end":{"line":68,"column":38}},"type":"default-arg","locations":[{"start":{"line":68,"column":24},"end":{"line":68,"column":37}}],"line":68},"13":{"loc":{"start":{"line":82,"column":18},"end":{"line":82,"column":40}},"type":"default-arg","locations":[{"start":{"line":82,"column":26},"end":{"line":82,"column":39}}],"line":82},"14":{"loc":{"start":{"line":87,"column":8},"end":{"line":108,"column":9}},"type":"switch","locations":[{"start":{"line":88,"column":12},"end":{"line":91,"column":22}},{"start":{"line":92,"column":12},"end":{"line":95,"column":22}},{"start":{"line":96,"column":12},"end":{"line":96,"column":25}},{"start":{"line":97,"column":12},"end":{"line":100,"column":22}},{"start":{"line":101,"column":12},"end":{"line":107,"column":43}}],"line":87},"15":{"loc":{"start":{"line":178,"column":25},"end":{"line":178,"column":46}},"type":"cond-expr","locations":[{"start":{"line":178,"column":37},"end":{"line":178,"column":38}},{"start":{"line":178,"column":41},"end":{"line":178,"column":46}}],"line":178},"16":{"loc":{"start":{"line":206,"column":8},"end":{"line":210,"column":9}},"type":"if","locations":[{"start":{"line":206,"column":8},"end":{"line":210,"column":9}},{"start":{"line":206,"column":8},"end":{"line":210,"column":9}}],"line":206}},"s":{"0":5,"1":218,"2":88,"3":27,"4":27,"5":61,"6":1,"7":1,"8":60,"9":9,"10":9,"11":51,"12":50,"13":50,"14":1,"15":130,"16":130,"17":217,"18":73,"19":25,"20":25,"21":48,"22":48,"23":29,"24":27,"25":27,"26":2,"27":1,"28":1,"29":1,"30":2,"31":2,"32":2,"33":23,"34":23,"35":23,"36":6,"37":6,"38":6,"39":1,"40":1,"41":1,"42":1,"43":1,"44":1,"45":15,"46":15,"47":15,"48":15,"49":15,"50":23,"51":1,"52":1,"53":1,"54":95,"55":12,"56":21,"57":20,"58":45,"59":2,"60":11,"61":2,"62":2,"63":1,"64":2,"65":8,"66":23,"67":31,"68":18,"69":42,"70":18,"71":13},"f":{"0":218,"1":73,"2":29,"3":2,"4":23,"5":1,"6":95,"7":12,"8":21,"9":20,"10":45,"11":2,"12":11,"13":2,"14":1,"15":2,"16":8,"17":23,"18":31,"19":42,"20":18},"b":{"0":[194],"1":[88,130],"2":[27,61],"3":[1,60],"4":[9,51],"5":[60,9],"6":[50,1],"7":[48],"8":[48],"9":[25,48],"10":[27,2],"11":[1,1],"12":[1],"13":[9],"14":[6,1,1,1,15],"15":[1,1],"16":[18,13]},"_coverageSchema":"1a1c01bbd47fc00a2c39e90264f33305004495a9","hash":"c0a41f4b82d60a4cc141d87df81d13fb372fe21e"}
}
