{"/Users/yuetao/Projects/typedef/src/Layer.js": {"path":"/Users/yuetao/Projects/typedef/src/Layer.js","statementMap":{"0":{"start":{"line":4,"column":23},"end":{"line":4,"column":49}},"1":{"start":{"line":5,"column":15},"end":{"line":5,"column":35}},"2":{"start":{"line":7,"column":2},"end":{"line":7,"column":27}},"3":{"start":{"line":12,"column":4},"end":{"line":12,"column":21}},"4":{"start":{"line":13,"column":4},"end":{"line":13,"column":27}},"5":{"start":{"line":14,"column":4},"end":{"line":14,"column":19}},"6":{"start":{"line":18,"column":4},"end":{"line":22,"column":5}},"7":{"start":{"line":19,"column":6},"end":{"line":19,"column":29}},"8":{"start":{"line":21,"column":6},"end":{"line":21,"column":26}},"9":{"start":{"line":29,"column":19},"end":{"line":29,"column":36}},"10":{"start":{"line":34,"column":22},"end":{"line":47,"column":6}},"11":{"start":{"line":37,"column":24},"end":{"line":37,"column":52}},"12":{"start":{"line":38,"column":24},"end":{"line":38,"column":52}},"13":{"start":{"line":40,"column":22},"end":{"line":40,"column":89}},"14":{"start":{"line":42,"column":6},"end":{"line":46,"column":7}},"15":{"start":{"line":52,"column":21},"end":{"line":52,"column":75}},"16":{"start":{"line":52,"column":55},"end":{"line":52,"column":67}},"17":{"start":{"line":53,"column":19},"end":{"line":53,"column":28}},"18":{"start":{"line":54,"column":4},"end":{"line":59,"column":5}},"19":{"start":{"line":55,"column":6},"end":{"line":57,"column":7}},"20":{"start":{"line":56,"column":8},"end":{"line":56,"column":31}},"21":{"start":{"line":58,"column":6},"end":{"line":58,"column":43}},"22":{"start":{"line":61,"column":4},"end":{"line":63,"column":5}},"23":{"start":{"line":62,"column":6},"end":{"line":62,"column":65}},"24":{"start":{"line":62,"column":52},"end":{"line":62,"column":63}},"25":{"start":{"line":65,"column":4},"end":{"line":69,"column":21}},"26":{"start":{"line":66,"column":6},"end":{"line":68,"column":12}},"27":{"start":{"line":67,"column":50},"end":{"line":67,"column":54}},"28":{"start":{"line":71,"column":20},"end":{"line":77,"column":14}},"29":{"start":{"line":72,"column":23},"end":{"line":72,"column":27}},"30":{"start":{"line":74,"column":8},"end":{"line":74,"column":29}},"31":{"start":{"line":76,"column":19},"end":{"line":76,"column":34}},"32":{"start":{"line":79,"column":4},"end":{"line":79,"column":30}}},"fnMap":{"0":{"name":"getPolyPoint","decl":{"start":{"line":3,"column":9},"end":{"line":3,"column":21}},"loc":{"start":{"line":3,"column":42},"end":{"line":8,"column":1}},"line":3},"1":{"name":"(anonymous_1)","decl":{"start":{"line":11,"column":2},"end":{"line":11,"column":3}},"loc":{"start":{"line":11,"column":20},"end":{"line":15,"column":3}},"line":11},"2":{"name":"(anonymous_2)","decl":{"start":{"line":17,"column":2},"end":{"line":17,"column":3}},"loc":{"start":{"line":17,"column":14},"end":{"line":23,"column":3}},"line":17},"3":{"name":"(anonymous_3)","decl":{"start":{"line":25,"column":2},"end":{"line":25,"column":3}},"loc":{"start":{"line":25,"column":14},"end":{"line":80,"column":3}},"line":25},"4":{"name":"(anonymous_4)","decl":{"start":{"line":35,"column":9},"end":{"line":35,"column":10}},"loc":{"start":{"line":35,"column":33},"end":{"line":47,"column":5}},"line":35},"5":{"name":"(anonymous_5)","decl":{"start":{"line":52,"column":37},"end":{"line":52,"column":38}},"loc":{"start":{"line":52,"column":55},"end":{"line":52,"column":67}},"line":52},"6":{"name":"(anonymous_6)","decl":{"start":{"line":62,"column":22},"end":{"line":62,"column":23}},"loc":{"start":{"line":62,"column":52},"end":{"line":62,"column":63}},"line":62},"7":{"name":"(anonymous_7)","decl":{"start":{"line":65,"column":28},"end":{"line":65,"column":29}},"loc":{"start":{"line":65,"column":44},"end":{"line":69,"column":5}},"line":65},"8":{"name":"(anonymous_8)","decl":{"start":{"line":67,"column":38},"end":{"line":67,"column":39}},"loc":{"start":{"line":67,"column":50},"end":{"line":67,"column":54}},"line":67},"9":{"name":"(anonymous_9)","decl":{"start":{"line":72,"column":11},"end":{"line":72,"column":12}},"loc":{"start":{"line":72,"column":23},"end":{"line":72,"column":27}},"line":72},"10":{"name":"(anonymous_10)","decl":{"start":{"line":73,"column":12},"end":{"line":73,"column":13}},"loc":{"start":{"line":73,"column":30},"end":{"line":75,"column":7}},"line":73},"11":{"name":"(anonymous_11)","decl":{"start":{"line":76,"column":11},"end":{"line":76,"column":12}},"loc":{"start":{"line":76,"column":19},"end":{"line":76,"column":34}},"line":76}},"branchMap":{"0":{"loc":{"start":{"line":18,"column":4},"end":{"line":22,"column":5}},"type":"if","locations":[{"start":{"line":18,"column":4},"end":{"line":22,"column":5}},{"start":{"line":18,"column":4},"end":{"line":22,"column":5}}],"line":18},"1":{"loc":{"start":{"line":55,"column":6},"end":{"line":57,"column":7}},"type":"if","locations":[{"start":{"line":55,"column":6},"end":{"line":57,"column":7}},{"start":{"line":55,"column":6},"end":{"line":57,"column":7}}],"line":55},"2":{"loc":{"start":{"line":66,"column":13},"end":{"line":68,"column":12}},"type":"cond-expr","locations":[{"start":{"line":67,"column":8},"end":{"line":67,"column":56}},{"start":{"line":68,"column":8},"end":{"line":68,"column":12}}],"line":66},"3":{"loc":{"start":{"line":66,"column":13},"end":{"line":66,"column":53}},"type":"binary-expr","locations":[{"start":{"line":66,"column":13},"end":{"line":66,"column":31}},{"start":{"line":66,"column":36},"end":{"line":66,"column":52}}],"line":66}},"s":{"0":8,"1":8,"2":8,"3":1,"4":1,"5":1,"6":1,"7":1,"8":0,"9":1,"10":1,"11":4,"12":4,"13":4,"14":4,"15":1,"16":4,"17":1,"18":1,"19":8,"20":4,"21":8,"22":1,"23":4,"24":4,"25":1,"26":5,"27":8,"28":1,"29":4,"30":12,"31":4,"32":1},"f":{"0":8,"1":1,"2":1,"3":1,"4":4,"5":4,"6":4,"7":5,"8":8,"9":4,"10":12,"11":4},"b":{"0":[1,0],"1":[4,4],"2":[4,1],"3":[5,5]},"_coverageSchema":"1a1c01bbd47fc00a2c39e90264f33305004495a9","hash":"1fa041b5f68aa88a5de96f4d1eb1f7bf77ab8623"}
,"/Users/yuetao/Projects/typedef/src/List.js": {"path":"/Users/yuetao/Projects/typedef/src/List.js","statementMap":{"0":{"start":{"line":5,"column":8},"end":{"line":5,"column":23}},"1":{"start":{"line":9,"column":8},"end":{"line":9,"column":33}},"2":{"start":{"line":13,"column":8},"end":{"line":13,"column":37}},"3":{"start":{"line":17,"column":8},"end":{"line":17,"column":29}},"4":{"start":{"line":21,"column":21},"end":{"line":21,"column":95}},"5":{"start":{"line":21,"column":46},"end":{"line":21,"column":86}},"6":{"start":{"line":21,"column":65},"end":{"line":21,"column":85}},"7":{"start":{"line":22,"column":8},"end":{"line":26,"column":9}},"8":{"start":{"line":23,"column":12},"end":{"line":23,"column":58}},"9":{"start":{"line":23,"column":36},"end":{"line":23,"column":43}},"10":{"start":{"line":25,"column":12},"end":{"line":25,"column":31}},"11":{"start":{"line":27,"column":8},"end":{"line":27,"column":20}},"12":{"start":{"line":31,"column":8},"end":{"line":33,"column":9}},"13":{"start":{"line":31,"column":27},"end":{"line":31,"column":40}},"14":{"start":{"line":32,"column":12},"end":{"line":32,"column":82}},"15":{"start":{"line":34,"column":19},"end":{"line":34,"column":38}},"16":{"start":{"line":35,"column":19},"end":{"line":35,"column":63}},"17":{"start":{"line":35,"column":31},"end":{"line":35,"column":63}},"18":{"start":{"line":37,"column":8},"end":{"line":37,"column":45}},"19":{"start":{"line":40,"column":21},"end":{"line":40,"column":22}},"20":{"start":{"line":41,"column":8},"end":{"line":41,"column":63}},"21":{"start":{"line":41,"column":39},"end":{"line":41,"column":61}},"22":{"start":{"line":44,"column":23},"end":{"line":44,"column":24}},"23":{"start":{"line":45,"column":8},"end":{"line":47,"column":26}},"24":{"start":{"line":46,"column":12},"end":{"line":46,"column":56}},"25":{"start":{"line":50,"column":24},"end":{"line":50,"column":25}},"26":{"start":{"line":51,"column":8},"end":{"line":56,"column":81}},"27":{"start":{"line":51,"column":70},"end":{"line":51,"column":78}},"28":{"start":{"line":52,"column":26},"end":{"line":54,"column":14}},"29":{"start":{"line":53,"column":16},"end":{"line":53,"column":49}},"30":{"start":{"line":53,"column":42},"end":{"line":53,"column":46}},"31":{"start":{"line":55,"column":12},"end":{"line":55,"column":40}},"32":{"start":{"line":56,"column":15},"end":{"line":56,"column":81}},"33":{"start":{"line":59,"column":21},"end":{"line":59,"column":22}},"34":{"start":{"line":60,"column":8},"end":{"line":62,"column":9}},"35":{"start":{"line":61,"column":12},"end":{"line":61,"column":75}},"36":{"start":{"line":63,"column":21},"end":{"line":63,"column":58}},"37":{"start":{"line":64,"column":8},"end":{"line":64,"column":40}},"38":{"start":{"line":70,"column":8},"end":{"line":70,"column":52}},"39":{"start":{"line":70,"column":29},"end":{"line":70,"column":50}},"40":{"start":{"line":74,"column":8},"end":{"line":78,"column":9}},"41":{"start":{"line":74,"column":28},"end":{"line":74,"column":62}},"42":{"start":{"line":75,"column":12},"end":{"line":75,"column":33}},"43":{"start":{"line":77,"column":12},"end":{"line":77,"column":55}},"44":{"start":{"line":82,"column":0},"end":{"line":82,"column":22}}},"fnMap":{"0":{"name":"(anonymous_0)","decl":{"start":{"line":4,"column":4},"end":{"line":4,"column":5}},"loc":{"start":{"line":4,"column":24},"end":{"line":6,"column":5}},"line":4},"1":{"name":"(anonymous_1)","decl":{"start":{"line":8,"column":4},"end":{"line":8,"column":5}},"loc":{"start":{"line":8,"column":10},"end":{"line":10,"column":5}},"line":8},"2":{"name":"(anonymous_2)","decl":{"start":{"line":12,"column":4},"end":{"line":12,"column":5}},"loc":{"start":{"line":12,"column":10},"end":{"line":14,"column":5}},"line":12},"3":{"name":"(anonymous_3)","decl":{"start":{"line":16,"column":4},"end":{"line":16,"column":5}},"loc":{"start":{"line":16,"column":10},"end":{"line":18,"column":5}},"line":16},"4":{"name":"(anonymous_4)","decl":{"start":{"line":20,"column":4},"end":{"line":20,"column":5}},"loc":{"start":{"line":20,"column":29},"end":{"line":28,"column":5}},"line":20},"5":{"name":"(anonymous_5)","decl":{"start":{"line":21,"column":30},"end":{"line":21,"column":31}},"loc":{"start":{"line":21,"column":46},"end":{"line":21,"column":86}},"line":21},"6":{"name":"(anonymous_6)","decl":{"start":{"line":21,"column":52},"end":{"line":21,"column":53}},"loc":{"start":{"line":21,"column":65},"end":{"line":21,"column":85}},"line":21},"7":{"name":"(anonymous_7)","decl":{"start":{"line":23,"column":24},"end":{"line":23,"column":25}},"loc":{"start":{"line":23,"column":36},"end":{"line":23,"column":43}},"line":23},"8":{"name":"(anonymous_8)","decl":{"start":{"line":30,"column":4},"end":{"line":30,"column":5}},"loc":{"start":{"line":30,"column":10},"end":{"line":38,"column":5}},"line":30},"9":{"name":"(anonymous_9)","decl":{"start":{"line":31,"column":22},"end":{"line":31,"column":23}},"loc":{"start":{"line":31,"column":27},"end":{"line":31,"column":40}},"line":31},"10":{"name":"(anonymous_10)","decl":{"start":{"line":35,"column":19},"end":{"line":35,"column":20}},"loc":{"start":{"line":35,"column":31},"end":{"line":35,"column":63}},"line":35},"11":{"name":"(anonymous_11)","decl":{"start":{"line":40,"column":4},"end":{"line":40,"column":5}},"loc":{"start":{"line":40,"column":23},"end":{"line":42,"column":5}},"line":40},"12":{"name":"(anonymous_12)","decl":{"start":{"line":40,"column":14},"end":{"line":40,"column":15}},"loc":{"start":{"line":40,"column":21},"end":{"line":40,"column":22}},"line":40},"13":{"name":"(anonymous_13)","decl":{"start":{"line":41,"column":26},"end":{"line":41,"column":27}},"loc":{"start":{"line":41,"column":39},"end":{"line":41,"column":61}},"line":41},"14":{"name":"(anonymous_14)","decl":{"start":{"line":44,"column":4},"end":{"line":44,"column":5}},"loc":{"start":{"line":44,"column":25},"end":{"line":48,"column":5}},"line":44},"15":{"name":"(anonymous_15)","decl":{"start":{"line":44,"column":20},"end":{"line":44,"column":21}},"loc":{"start":{"line":44,"column":23},"end":{"line":44,"column":24}},"line":44},"16":{"name":"(anonymous_16)","decl":{"start":{"line":45,"column":27},"end":{"line":45,"column":28}},"loc":{"start":{"line":45,"column":39},"end":{"line":47,"column":9}},"line":45},"17":{"name":"(anonymous_17)","decl":{"start":{"line":50,"column":4},"end":{"line":50,"column":5}},"loc":{"start":{"line":50,"column":26},"end":{"line":57,"column":5}},"line":50},"18":{"name":"(anonymous_18)","decl":{"start":{"line":50,"column":19},"end":{"line":50,"column":20}},"loc":{"start":{"line":50,"column":24},"end":{"line":50,"column":25}},"line":50},"19":{"name":"(anonymous_19)","decl":{"start":{"line":51,"column":65},"end":{"line":51,"column":66}},"loc":{"start":{"line":51,"column":70},"end":{"line":51,"column":78}},"line":51},"20":{"name":"(anonymous_20)","decl":{"start":{"line":52,"column":38},"end":{"line":52,"column":39}},"loc":{"start":{"line":52,"column":49},"end":{"line":54,"column":13}},"line":52},"21":{"name":"(anonymous_21)","decl":{"start":{"line":53,"column":37},"end":{"line":53,"column":38}},"loc":{"start":{"line":53,"column":42},"end":{"line":53,"column":46}},"line":53},"22":{"name":"(anonymous_22)","decl":{"start":{"line":59,"column":4},"end":{"line":59,"column":5}},"loc":{"start":{"line":59,"column":23},"end":{"line":65,"column":5}},"line":59},"23":{"name":"(anonymous_23)","decl":{"start":{"line":59,"column":18},"end":{"line":59,"column":19}},"loc":{"start":{"line":59,"column":21},"end":{"line":59,"column":22}},"line":59},"24":{"name":"(anonymous_24)","decl":{"start":{"line":69,"column":4},"end":{"line":69,"column":5}},"loc":{"start":{"line":69,"column":10},"end":{"line":71,"column":5}},"line":69},"25":{"name":"(anonymous_25)","decl":{"start":{"line":70,"column":24},"end":{"line":70,"column":25}},"loc":{"start":{"line":70,"column":29},"end":{"line":70,"column":50}},"line":70},"26":{"name":"(anonymous_26)","decl":{"start":{"line":73,"column":4},"end":{"line":73,"column":5}},"loc":{"start":{"line":73,"column":11},"end":{"line":79,"column":5}},"line":73},"27":{"name":"(anonymous_27)","decl":{"start":{"line":74,"column":23},"end":{"line":74,"column":24}},"loc":{"start":{"line":74,"column":28},"end":{"line":74,"column":62}},"line":74}},"branchMap":{"0":{"loc":{"start":{"line":20,"column":15},"end":{"line":20,"column":27}},"type":"default-arg","locations":[{"start":{"line":20,"column":25},"end":{"line":20,"column":27}}],"line":20},"1":{"loc":{"start":{"line":22,"column":8},"end":{"line":26,"column":9}},"type":"if","locations":[{"start":{"line":22,"column":8},"end":{"line":26,"column":9}},{"start":{"line":22,"column":8},"end":{"line":26,"column":9}}],"line":22},"2":{"loc":{"start":{"line":31,"column":8},"end":{"line":33,"column":9}},"type":"if","locations":[{"start":{"line":31,"column":8},"end":{"line":33,"column":9}},{"start":{"line":31,"column":8},"end":{"line":33,"column":9}}],"line":31},"3":{"loc":{"start":{"line":35,"column":31},"end":{"line":35,"column":63}},"type":"cond-expr","locations":[{"start":{"line":35,"column":41},"end":{"line":35,"column":51}},{"start":{"line":35,"column":55},"end":{"line":35,"column":62}}],"line":35},"4":{"loc":{"start":{"line":40,"column":9},"end":{"line":40,"column":22}},"type":"default-arg","locations":[{"start":{"line":40,"column":14},"end":{"line":40,"column":22}}],"line":40},"5":{"loc":{"start":{"line":44,"column":10},"end":{"line":44,"column":24}},"type":"default-arg","locations":[{"start":{"line":44,"column":20},"end":{"line":44,"column":24}}],"line":44},"6":{"loc":{"start":{"line":50,"column":14},"end":{"line":50,"column":25}},"type":"default-arg","locations":[{"start":{"line":50,"column":19},"end":{"line":50,"column":25}}],"line":50},"7":{"loc":{"start":{"line":51,"column":8},"end":{"line":56,"column":81}},"type":"if","locations":[{"start":{"line":51,"column":8},"end":{"line":56,"column":81}},{"start":{"line":51,"column":8},"end":{"line":56,"column":81}}],"line":51},"8":{"loc":{"start":{"line":51,"column":11},"end":{"line":51,"column":79}},"type":"binary-expr","locations":[{"start":{"line":51,"column":12},"end":{"line":51,"column":26}},{"start":{"line":51,"column":32},"end":{"line":51,"column":50}},{"start":{"line":51,"column":55},"end":{"line":51,"column":79}}],"line":51},"9":{"loc":{"start":{"line":59,"column":9},"end":{"line":59,"column":22}},"type":"default-arg","locations":[{"start":{"line":59,"column":18},"end":{"line":59,"column":22}}],"line":59},"10":{"loc":{"start":{"line":60,"column":8},"end":{"line":62,"column":9}},"type":"if","locations":[{"start":{"line":60,"column":8},"end":{"line":62,"column":9}},{"start":{"line":60,"column":8},"end":{"line":62,"column":9}}],"line":60},"11":{"loc":{"start":{"line":70,"column":29},"end":{"line":70,"column":50}},"type":"cond-expr","locations":[{"start":{"line":70,"column":38},"end":{"line":70,"column":46}},{"start":{"line":70,"column":49},"end":{"line":70,"column":50}}],"line":70},"12":{"loc":{"start":{"line":74,"column":8},"end":{"line":78,"column":9}},"type":"if","locations":[{"start":{"line":74,"column":8},"end":{"line":78,"column":9}},{"start":{"line":74,"column":8},"end":{"line":78,"column":9}}],"line":74},"13":{"loc":{"start":{"line":74,"column":28},"end":{"line":74,"column":62}},"type":"binary-expr","locations":[{"start":{"line":74,"column":28},"end":{"line":74,"column":44}},{"start":{"line":74,"column":48},"end":{"line":74,"column":62}}],"line":74}},"s":{"0":157,"1":5,"2":17,"3":4,"4":1,"5":4,"6":16,"7":1,"8":1,"9":16,"10":0,"11":1,"12":4,"13":40,"14":0,"15":4,"16":4,"17":20,"18":4,"19":0,"20":9,"21":30,"22":3,"23":2,"24":6,"25":0,"26":4,"27":16,"28":4,"29":30,"30":60,"31":4,"32":0,"33":30,"34":4,"35":0,"36":4,"37":4,"38":0,"39":0,"40":1,"41":4,"42":1,"43":0,"44":3},"f":{"0":157,"1":5,"2":17,"3":4,"4":1,"5":4,"6":16,"7":16,"8":4,"9":40,"10":20,"11":9,"12":0,"13":30,"14":2,"15":3,"16":6,"17":4,"18":0,"19":16,"20":30,"21":60,"22":4,"23":30,"24":0,"25":0,"26":1,"27":4},"b":{"0":[0],"1":[1,0],"2":[0,4],"3":[8,12],"4":[0],"5":[1],"6":[0],"7":[4,0],"8":[4,4,4],"9":[4],"10":[0,4],"11":[0,0],"12":[1,0],"13":[4,4]},"_coverageSchema":"1a1c01bbd47fc00a2c39e90264f33305004495a9","hash":"d771212be265dc70f217aac59ae70a6c059119df"}
,"/Users/yuetao/Projects/typedef/src/Torque.js": {"path":"/Users/yuetao/Projects/typedef/src/Torque.js","statementMap":{"0":{"start":{"line":6,"column":22},"end":{"line":8,"column":89}},"1":{"start":{"line":7,"column":26},"end":{"line":7,"column":39}},"2":{"start":{"line":8,"column":54},"end":{"line":8,"column":77}},"3":{"start":{"line":9,"column":22},"end":{"line":11,"column":47}},"4":{"start":{"line":10,"column":26},"end":{"line":10,"column":32}},"5":{"start":{"line":11,"column":36},"end":{"line":11,"column":43}},"6":{"start":{"line":13,"column":8},"end":{"line":13,"column":60}},"7":{"start":{"line":15,"column":8},"end":{"line":18,"column":10}},"8":{"start":{"line":22,"column":8},"end":{"line":22,"column":80}},"9":{"start":{"line":27,"column":8},"end":{"line":27,"column":29}},"10":{"start":{"line":28,"column":8},"end":{"line":28,"column":27}},"11":{"start":{"line":32,"column":31},"end":{"line":32,"column":35}},"12":{"start":{"line":33,"column":21},"end":{"line":33,"column":34}},"13":{"start":{"line":34,"column":8},"end":{"line":34,"column":24}},"14":{"start":{"line":35,"column":8},"end":{"line":35,"column":20}}},"fnMap":{"0":{"name":"(anonymous_0)","decl":{"start":{"line":5,"column":4},"end":{"line":5,"column":5}},"loc":{"start":{"line":5,"column":23},"end":{"line":19,"column":5}},"line":5},"1":{"name":"(anonymous_1)","decl":{"start":{"line":7,"column":21},"end":{"line":7,"column":22}},"loc":{"start":{"line":7,"column":26},"end":{"line":7,"column":39}},"line":7},"2":{"name":"(anonymous_2)","decl":{"start":{"line":8,"column":24},"end":{"line":8,"column":25}},"loc":{"start":{"line":8,"column":54},"end":{"line":8,"column":77}},"line":8},"3":{"name":"(anonymous_3)","decl":{"start":{"line":10,"column":21},"end":{"line":10,"column":22}},"loc":{"start":{"line":10,"column":26},"end":{"line":10,"column":32}},"line":10},"4":{"name":"(anonymous_4)","decl":{"start":{"line":11,"column":24},"end":{"line":11,"column":25}},"loc":{"start":{"line":11,"column":36},"end":{"line":11,"column":43}},"line":11},"5":{"name":"(anonymous_5)","decl":{"start":{"line":21,"column":4},"end":{"line":21,"column":5}},"loc":{"start":{"line":21,"column":23},"end":{"line":23,"column":5}},"line":21},"6":{"name":"(anonymous_6)","decl":{"start":{"line":25,"column":4},"end":{"line":25,"column":5}},"loc":{"start":{"line":25,"column":46},"end":{"line":29,"column":5}},"line":25},"7":{"name":"(anonymous_7)","decl":{"start":{"line":31,"column":4},"end":{"line":31,"column":5}},"loc":{"start":{"line":31,"column":15},"end":{"line":36,"column":5}},"line":31}},"branchMap":{"0":{"loc":{"start":{"line":13,"column":21},"end":{"line":13,"column":59}},"type":"cond-expr","locations":[{"start":{"line":13,"column":46},"end":{"line":13,"column":47}},{"start":{"line":13,"column":50},"end":{"line":13,"column":59}}],"line":13},"1":{"loc":{"start":{"line":25,"column":16},"end":{"line":25,"column":45}},"type":"default-arg","locations":[{"start":{"line":25,"column":43},"end":{"line":25,"column":45}}],"line":25},"2":{"loc":{"start":{"line":25,"column":17},"end":{"line":25,"column":33}},"type":"default-arg","locations":[{"start":{"line":25,"column":24},"end":{"line":25,"column":33}}],"line":25},"3":{"loc":{"start":{"line":25,"column":35},"end":{"line":25,"column":41}},"type":"default-arg","locations":[{"start":{"line":25,"column":40},"end":{"line":25,"column":41}}],"line":25}},"s":{"0":2,"1":2,"2":2,"3":2,"4":2,"5":2,"6":2,"7":2,"8":3,"9":9,"10":9,"11":2,"12":2,"13":2,"14":2},"f":{"0":2,"1":2,"2":2,"3":2,"4":2,"5":3,"6":9,"7":2},"b":{"0":[1,1],"1":[1],"2":[2],"3":[2]},"_coverageSchema":"1a1c01bbd47fc00a2c39e90264f33305004495a9","hash":"69d9dd64cc47123a2a5cbc41f55031adabc368b9"}
,"/Users/yuetao/Projects/typedef/src/Vec.js": {"path":"/Users/yuetao/Projects/typedef/src/Vec.js","statementMap":{"0":{"start":{"line":1,"column":16},"end":{"line":1,"column":20}},"1":{"start":{"line":11,"column":8},"end":{"line":42,"column":9}},"2":{"start":{"line":13,"column":12},"end":{"line":38,"column":13}},"3":{"start":{"line":16,"column":16},"end":{"line":16,"column":27}},"4":{"start":{"line":17,"column":16},"end":{"line":17,"column":27}},"5":{"start":{"line":18,"column":19},"end":{"line":38,"column":13}},"6":{"start":{"line":22,"column":16},"end":{"line":22,"column":29}},"7":{"start":{"line":23,"column":16},"end":{"line":23,"column":29}},"8":{"start":{"line":24,"column":19},"end":{"line":38,"column":13}},"9":{"start":{"line":28,"column":16},"end":{"line":28,"column":61}},"10":{"start":{"line":29,"column":16},"end":{"line":29,"column":61}},"11":{"start":{"line":30,"column":19},"end":{"line":38,"column":13}},"12":{"start":{"line":34,"column":16},"end":{"line":34,"column":49}},"13":{"start":{"line":35,"column":16},"end":{"line":35,"column":49}},"14":{"start":{"line":37,"column":16},"end":{"line":37,"column":104}},"15":{"start":{"line":40,"column":12},"end":{"line":40,"column":23}},"16":{"start":{"line":41,"column":12},"end":{"line":41,"column":23}},"17":{"start":{"line":43,"column":8},"end":{"line":43,"column":25}},"18":{"start":{"line":47,"column":8},"end":{"line":53,"column":9}},"19":{"start":{"line":48,"column":12},"end":{"line":48,"column":24}},"20":{"start":{"line":49,"column":12},"end":{"line":49,"column":24}},"21":{"start":{"line":51,"column":12},"end":{"line":51,"column":24}},"22":{"start":{"line":52,"column":12},"end":{"line":52,"column":24}},"23":{"start":{"line":54,"column":8},"end":{"line":54,"column":20}},"24":{"start":{"line":58,"column":8},"end":{"line":68,"column":9}},"25":{"start":{"line":59,"column":12},"end":{"line":59,"column":26}},"26":{"start":{"line":60,"column":12},"end":{"line":60,"column":26}},"27":{"start":{"line":61,"column":12},"end":{"line":61,"column":24}},"28":{"start":{"line":62,"column":15},"end":{"line":68,"column":9}},"29":{"start":{"line":63,"column":12},"end":{"line":63,"column":28}},"30":{"start":{"line":64,"column":12},"end":{"line":64,"column":28}},"31":{"start":{"line":65,"column":12},"end":{"line":65,"column":24}},"32":{"start":{"line":67,"column":12},"end":{"line":67,"column":65}},"33":{"start":{"line":73,"column":8},"end":{"line":73,"column":39}},"34":{"start":{"line":74,"column":8},"end":{"line":74,"column":25}},"35":{"start":{"line":75,"column":8},"end":{"line":75,"column":26}},"36":{"start":{"line":87,"column":8},"end":{"line":87,"column":39}},"37":{"start":{"line":89,"column":23},"end":{"line":89,"column":27}},"38":{"start":{"line":90,"column":8},"end":{"line":111,"column":9}},"39":{"start":{"line":92,"column":16},"end":{"line":92,"column":28}},"40":{"start":{"line":93,"column":16},"end":{"line":93,"column":28}},"41":{"start":{"line":94,"column":16},"end":{"line":94,"column":22}},"42":{"start":{"line":96,"column":16},"end":{"line":96,"column":28}},"43":{"start":{"line":97,"column":16},"end":{"line":97,"column":28}},"44":{"start":{"line":98,"column":16},"end":{"line":98,"column":22}},"45":{"start":{"line":101,"column":16},"end":{"line":101,"column":28}},"46":{"start":{"line":102,"column":16},"end":{"line":102,"column":28}},"47":{"start":{"line":103,"column":16},"end":{"line":103,"column":22}},"48":{"start":{"line":105,"column":26},"end":{"line":105,"column":47}},"49":{"start":{"line":106,"column":22},"end":{"line":106,"column":35}},"50":{"start":{"line":107,"column":22},"end":{"line":107,"column":35}},"51":{"start":{"line":109,"column":16},"end":{"line":109,"column":43}},"52":{"start":{"line":110,"column":16},"end":{"line":110,"column":43}},"53":{"start":{"line":113,"column":8},"end":{"line":113,"column":27}},"54":{"start":{"line":117,"column":23},"end":{"line":117,"column":27}},"55":{"start":{"line":118,"column":8},"end":{"line":118,"column":20}},"56":{"start":{"line":119,"column":8},"end":{"line":119,"column":20}},"57":{"start":{"line":126,"column":8},"end":{"line":126,"column":28}},"58":{"start":{"line":131,"column":8},"end":{"line":131,"column":47}},"59":{"start":{"line":135,"column":8},"end":{"line":135,"column":47}},"60":{"start":{"line":139,"column":8},"end":{"line":142,"column":9}},"61":{"start":{"line":168,"column":8},"end":{"line":168,"column":49}},"62":{"start":{"line":172,"column":8},"end":{"line":172,"column":49}},"63":{"start":{"line":176,"column":8},"end":{"line":176,"column":42}},"64":{"start":{"line":180,"column":18},"end":{"line":180,"column":28}},"65":{"start":{"line":181,"column":8},"end":{"line":181,"column":48}},"66":{"start":{"line":185,"column":8},"end":{"line":185,"column":58}},"67":{"start":{"line":189,"column":8},"end":{"line":189,"column":40}},"68":{"start":{"line":197,"column":8},"end":{"line":197,"column":52}},"69":{"start":{"line":205,"column":8},"end":{"line":205,"column":78}},"70":{"start":{"line":209,"column":8},"end":{"line":209,"column":61}}},"fnMap":{"0":{"name":"(anonymous_0)","decl":{"start":{"line":10,"column":4},"end":{"line":10,"column":5}},"loc":{"start":{"line":10,"column":30},"end":{"line":44,"column":5}},"line":10},"1":{"name":"(anonymous_1)","decl":{"start":{"line":46,"column":4},"end":{"line":46,"column":5}},"loc":{"start":{"line":46,"column":33},"end":{"line":55,"column":5}},"line":46},"2":{"name":"(anonymous_2)","decl":{"start":{"line":57,"column":4},"end":{"line":57,"column":5}},"loc":{"start":{"line":57,"column":13},"end":{"line":69,"column":5}},"line":57},"3":{"name":"(anonymous_3)","decl":{"start":{"line":71,"column":4},"end":{"line":71,"column":5}},"loc":{"start":{"line":71,"column":39},"end":{"line":76,"column":5}},"line":71},"4":{"name":"(anonymous_4)","decl":{"start":{"line":85,"column":4},"end":{"line":85,"column":5}},"loc":{"start":{"line":85,"column":41},"end":{"line":114,"column":5}},"line":85},"5":{"name":"(anonymous_5)","decl":{"start":{"line":116,"column":4},"end":{"line":116,"column":5}},"loc":{"start":{"line":116,"column":9},"end":{"line":120,"column":5}},"line":116},"6":{"name":"(anonymous_6)","decl":{"start":{"line":125,"column":4},"end":{"line":125,"column":5}},"loc":{"start":{"line":125,"column":11},"end":{"line":127,"column":5}},"line":125},"7":{"name":"(anonymous_7)","decl":{"start":{"line":130,"column":4},"end":{"line":130,"column":5}},"loc":{"start":{"line":130,"column":15},"end":{"line":132,"column":5}},"line":130},"8":{"name":"(anonymous_8)","decl":{"start":{"line":134,"column":4},"end":{"line":134,"column":5}},"loc":{"start":{"line":134,"column":16},"end":{"line":136,"column":5}},"line":134},"9":{"name":"(anonymous_9)","decl":{"start":{"line":138,"column":4},"end":{"line":138,"column":5}},"loc":{"start":{"line":138,"column":23},"end":{"line":143,"column":5}},"line":138},"10":{"name":"(anonymous_10)","decl":{"start":{"line":167,"column":4},"end":{"line":167,"column":5}},"loc":{"start":{"line":167,"column":15},"end":{"line":169,"column":5}},"line":167},"11":{"name":"(anonymous_11)","decl":{"start":{"line":171,"column":4},"end":{"line":171,"column":5}},"loc":{"start":{"line":171,"column":13},"end":{"line":173,"column":5}},"line":171},"12":{"name":"(anonymous_12)","decl":{"start":{"line":175,"column":4},"end":{"line":175,"column":5}},"loc":{"start":{"line":175,"column":9},"end":{"line":177,"column":5}},"line":175},"13":{"name":"(anonymous_13)","decl":{"start":{"line":179,"column":4},"end":{"line":179,"column":5}},"loc":{"start":{"line":179,"column":10},"end":{"line":182,"column":5}},"line":179},"14":{"name":"(anonymous_14)","decl":{"start":{"line":184,"column":4},"end":{"line":184,"column":5}},"loc":{"start":{"line":184,"column":11},"end":{"line":186,"column":5}},"line":184},"15":{"name":"(anonymous_15)","decl":{"start":{"line":188,"column":4},"end":{"line":188,"column":5}},"loc":{"start":{"line":188,"column":32},"end":{"line":190,"column":5}},"line":188},"16":{"name":"(anonymous_16)","decl":{"start":{"line":196,"column":4},"end":{"line":196,"column":5}},"loc":{"start":{"line":196,"column":23},"end":{"line":198,"column":5}},"line":196},"17":{"name":"(anonymous_17)","decl":{"start":{"line":204,"column":4},"end":{"line":204,"column":5}},"loc":{"start":{"line":204,"column":10},"end":{"line":206,"column":5}},"line":204},"18":{"name":"(anonymous_18)","decl":{"start":{"line":208,"column":4},"end":{"line":208,"column":5}},"loc":{"start":{"line":208,"column":14},"end":{"line":210,"column":5}},"line":208}},"branchMap":{"0":{"loc":{"start":{"line":10,"column":22},"end":{"line":10,"column":29}},"type":"default-arg","locations":[{"start":{"line":10,"column":27},"end":{"line":10,"column":29}}],"line":10},"1":{"loc":{"start":{"line":11,"column":8},"end":{"line":42,"column":9}},"type":"if","locations":[{"start":{"line":11,"column":8},"end":{"line":42,"column":9}},{"start":{"line":11,"column":8},"end":{"line":42,"column":9}}],"line":11},"2":{"loc":{"start":{"line":13,"column":12},"end":{"line":38,"column":13}},"type":"if","locations":[{"start":{"line":13,"column":12},"end":{"line":38,"column":13}},{"start":{"line":13,"column":12},"end":{"line":38,"column":13}}],"line":13},"3":{"loc":{"start":{"line":18,"column":19},"end":{"line":38,"column":13}},"type":"if","locations":[{"start":{"line":18,"column":19},"end":{"line":38,"column":13}},{"start":{"line":18,"column":19},"end":{"line":38,"column":13}}],"line":18},"4":{"loc":{"start":{"line":24,"column":19},"end":{"line":38,"column":13}},"type":"if","locations":[{"start":{"line":24,"column":19},"end":{"line":38,"column":13}},{"start":{"line":24,"column":19},"end":{"line":38,"column":13}}],"line":24},"5":{"loc":{"start":{"line":24,"column":23},"end":{"line":24,"column":65}},"type":"binary-expr","locations":[{"start":{"line":24,"column":23},"end":{"line":24,"column":42}},{"start":{"line":24,"column":46},"end":{"line":24,"column":65}}],"line":24},"6":{"loc":{"start":{"line":30,"column":19},"end":{"line":38,"column":13}},"type":"if","locations":[{"start":{"line":30,"column":19},"end":{"line":38,"column":13}},{"start":{"line":30,"column":19},"end":{"line":38,"column":13}}],"line":30},"7":{"loc":{"start":{"line":46,"column":18},"end":{"line":46,"column":32}},"type":"default-arg","locations":[{"start":{"line":46,"column":30},"end":{"line":46,"column":32}}],"line":46},"8":{"loc":{"start":{"line":46,"column":19},"end":{"line":46,"column":28}},"type":"default-arg","locations":[{"start":{"line":46,"column":23},"end":{"line":46,"column":28}}],"line":46},"9":{"loc":{"start":{"line":47,"column":8},"end":{"line":53,"column":9}},"type":"if","locations":[{"start":{"line":47,"column":8},"end":{"line":53,"column":9}},{"start":{"line":47,"column":8},"end":{"line":53,"column":9}}],"line":47},"10":{"loc":{"start":{"line":58,"column":8},"end":{"line":68,"column":9}},"type":"if","locations":[{"start":{"line":58,"column":8},"end":{"line":68,"column":9}},{"start":{"line":58,"column":8},"end":{"line":68,"column":9}}],"line":58},"11":{"loc":{"start":{"line":62,"column":15},"end":{"line":68,"column":9}},"type":"if","locations":[{"start":{"line":62,"column":15},"end":{"line":68,"column":9}},{"start":{"line":62,"column":15},"end":{"line":68,"column":9}}],"line":62},"12":{"loc":{"start":{"line":71,"column":17},"end":{"line":71,"column":38}},"type":"default-arg","locations":[{"start":{"line":71,"column":24},"end":{"line":71,"column":37}}],"line":71},"13":{"loc":{"start":{"line":85,"column":18},"end":{"line":85,"column":40}},"type":"default-arg","locations":[{"start":{"line":85,"column":26},"end":{"line":85,"column":39}}],"line":85},"14":{"loc":{"start":{"line":90,"column":8},"end":{"line":111,"column":9}},"type":"switch","locations":[{"start":{"line":91,"column":12},"end":{"line":94,"column":22}},{"start":{"line":95,"column":12},"end":{"line":98,"column":22}},{"start":{"line":99,"column":12},"end":{"line":99,"column":25}},{"start":{"line":100,"column":12},"end":{"line":103,"column":22}},{"start":{"line":104,"column":12},"end":{"line":110,"column":43}}],"line":90},"15":{"loc":{"start":{"line":181,"column":25},"end":{"line":181,"column":46}},"type":"cond-expr","locations":[{"start":{"line":181,"column":37},"end":{"line":181,"column":38}},{"start":{"line":181,"column":41},"end":{"line":181,"column":46}}],"line":181}},"s":{"0":5,"1":1341,"2":56,"3":14,"4":14,"5":42,"6":1,"7":1,"8":41,"9":1,"10":1,"11":40,"12":39,"13":39,"14":1,"15":1285,"16":1285,"17":1340,"18":50,"19":13,"20":13,"21":37,"22":37,"23":50,"24":20,"25":18,"26":18,"27":18,"28":2,"29":1,"30":1,"31":1,"32":1,"33":2,"34":2,"35":2,"36":11,"37":11,"38":11,"39":4,"40":4,"41":4,"42":1,"43":1,"44":1,"45":1,"46":1,"47":1,"48":5,"49":5,"50":5,"51":5,"52":5,"53":11,"54":1,"55":1,"56":1,"57":5,"58":9,"59":883,"60":308,"61":889,"62":2,"63":21,"64":2,"65":2,"66":1,"67":2,"68":2,"69":3,"70":1},"f":{"0":1341,"1":50,"2":20,"3":2,"4":11,"5":1,"6":5,"7":9,"8":883,"9":308,"10":889,"11":2,"12":21,"13":2,"14":1,"15":2,"16":2,"17":3,"18":1},"b":{"0":[1337],"1":[56,1285],"2":[14,42],"3":[1,41],"4":[1,40],"5":[41,1],"6":[39,1],"7":[37],"8":[37],"9":[13,37],"10":[18,2],"11":[1,1],"12":[1],"13":[7],"14":[4,1,1,1,5],"15":[1,1]},"_coverageSchema":"1a1c01bbd47fc00a2c39e90264f33305004495a9","hash":"3170485d9c8c45b70777baac33c6cf6590ad45fb"}
,"/Users/yuetao/Projects/typedef/src/Vecs.js": {"path":"/Users/yuetao/Projects/typedef/src/Vecs.js","statementMap":{"0":{"start":{"line":20,"column":15},"end":{"line":20,"column":32}},"1":{"start":{"line":21,"column":15},"end":{"line":21,"column":32}},"2":{"start":{"line":22,"column":15},"end":{"line":22,"column":32}},"3":{"start":{"line":23,"column":15},"end":{"line":23,"column":31}},"4":{"start":{"line":24,"column":15},"end":{"line":24,"column":31}},"5":{"start":{"line":25,"column":15},"end":{"line":25,"column":31}},"6":{"start":{"line":26,"column":18},"end":{"line":26,"column":27}},"7":{"start":{"line":27,"column":17},"end":{"line":27,"column":27}},"8":{"start":{"line":28,"column":16},"end":{"line":28,"column":41}},"9":{"start":{"line":29,"column":14},"end":{"line":29,"column":18}},"10":{"start":{"line":31,"column":4},"end":{"line":40,"column":5}},"11":{"start":{"line":59,"column":8},"end":{"line":59,"column":23}},"12":{"start":{"line":63,"column":27},"end":{"line":63,"column":63}},"13":{"start":{"line":64,"column":8},"end":{"line":64,"column":39}},"14":{"start":{"line":68,"column":8},"end":{"line":70,"column":9}},"15":{"start":{"line":68,"column":21},"end":{"line":68,"column":54}},"16":{"start":{"line":69,"column":12},"end":{"line":69,"column":36}},"17":{"start":{"line":74,"column":8},"end":{"line":76,"column":9}},"18":{"start":{"line":75,"column":12},"end":{"line":75,"column":38}},"19":{"start":{"line":80,"column":29},"end":{"line":80,"column":51}},"20":{"start":{"line":81,"column":8},"end":{"line":83,"column":9}},"21":{"start":{"line":82,"column":12},"end":{"line":82,"column":42}},"22":{"start":{"line":87,"column":8},"end":{"line":87,"column":39}},"23":{"start":{"line":91,"column":8},"end":{"line":93,"column":9}},"24":{"start":{"line":92,"column":12},"end":{"line":92,"column":31}},"25":{"start":{"line":94,"column":8},"end":{"line":96,"column":9}},"26":{"start":{"line":95,"column":12},"end":{"line":95,"column":28}},"27":{"start":{"line":97,"column":8},"end":{"line":97,"column":20}},"28":{"start":{"line":111,"column":8},"end":{"line":113,"column":9}},"29":{"start":{"line":112,"column":12},"end":{"line":112,"column":58}},"30":{"start":{"line":121,"column":8},"end":{"line":131,"column":9}},"31":{"start":{"line":121,"column":21},"end":{"line":121,"column":22}},"32":{"start":{"line":122,"column":12},"end":{"line":124,"column":13}},"33":{"start":{"line":123,"column":16},"end":{"line":123,"column":25}},"34":{"start":{"line":125,"column":12},"end":{"line":127,"column":13}},"35":{"start":{"line":126,"column":16},"end":{"line":126,"column":25}},"36":{"start":{"line":128,"column":12},"end":{"line":130,"column":13}},"37":{"start":{"line":129,"column":16},"end":{"line":129,"column":22}},"38":{"start":{"line":132,"column":8},"end":{"line":135,"column":9}},"39":{"start":{"line":133,"column":12},"end":{"line":133,"column":82}},"40":{"start":{"line":134,"column":12},"end":{"line":134,"column":26}},"41":{"start":{"line":145,"column":8},"end":{"line":153,"column":9}},"42":{"start":{"line":146,"column":12},"end":{"line":146,"column":28}},"43":{"start":{"line":151,"column":15},"end":{"line":153,"column":9}},"44":{"start":{"line":152,"column":12},"end":{"line":152,"column":29}},"45":{"start":{"line":163,"column":21},"end":{"line":165,"column":33}},"46":{"start":{"line":173,"column":21},"end":{"line":175,"column":31}},"47":{"start":{"line":177,"column":8},"end":{"line":177,"column":27}},"48":{"start":{"line":182,"column":8},"end":{"line":184,"column":9}},"49":{"start":{"line":183,"column":12},"end":{"line":183,"column":85}},"50":{"start":{"line":186,"column":8},"end":{"line":188,"column":19}},"51":{"start":{"line":187,"column":35},"end":{"line":187,"column":56}},"52":{"start":{"line":192,"column":19},"end":{"line":192,"column":30}},"53":{"start":{"line":194,"column":8},"end":{"line":198,"column":19}},"54":{"start":{"line":196,"column":16},"end":{"line":196,"column":79}},"55":{"start":{"line":210,"column":30},"end":{"line":210,"column":32}},"56":{"start":{"line":212,"column":8},"end":{"line":249,"column":9}},"57":{"start":{"line":212,"column":20},"end":{"line":212,"column":21}},"58":{"start":{"line":214,"column":29},"end":{"line":214,"column":36}},"59":{"start":{"line":215,"column":29},"end":{"line":215,"column":38}},"60":{"start":{"line":217,"column":12},"end":{"line":248,"column":13}},"61":{"start":{"line":217,"column":25},"end":{"line":217,"column":26}},"62":{"start":{"line":219,"column":33},"end":{"line":219,"column":40}},"63":{"start":{"line":220,"column":33},"end":{"line":220,"column":42}},"64":{"start":{"line":228,"column":20},"end":{"line":228,"column":69}},"65":{"start":{"line":230,"column":16},"end":{"line":247,"column":17}},"66":{"start":{"line":231,"column":20},"end":{"line":231,"column":71}},"67":{"start":{"line":232,"column":20},"end":{"line":232,"column":48}},"68":{"start":{"line":233,"column":20},"end":{"line":233,"column":62}},"69":{"start":{"line":234,"column":20},"end":{"line":234,"column":25}},"70":{"start":{"line":235,"column":23},"end":{"line":247,"column":17}},"71":{"start":{"line":236,"column":20},"end":{"line":236,"column":71}},"72":{"start":{"line":237,"column":20},"end":{"line":237,"column":48}},"73":{"start":{"line":238,"column":20},"end":{"line":238,"column":62}},"74":{"start":{"line":239,"column":20},"end":{"line":239,"column":25}},"75":{"start":{"line":240,"column":23},"end":{"line":247,"column":17}},"76":{"start":{"line":241,"column":20},"end":{"line":241,"column":73}},"77":{"start":{"line":242,"column":20},"end":{"line":242,"column":46}},"78":{"start":{"line":243,"column":20},"end":{"line":243,"column":52}},"79":{"start":{"line":244,"column":20},"end":{"line":244,"column":52}},"80":{"start":{"line":245,"column":20},"end":{"line":245,"column":25}},"81":{"start":{"line":246,"column":20},"end":{"line":246,"column":25}},"82":{"start":{"line":251,"column":8},"end":{"line":251,"column":29}},"83":{"start":{"line":255,"column":8},"end":{"line":255,"column":53}},"84":{"start":{"line":255,"column":40},"end":{"line":255,"column":50}},"85":{"start":{"line":260,"column":19},"end":{"line":260,"column":63}},"86":{"start":{"line":260,"column":35},"end":{"line":260,"column":62}},"87":{"start":{"line":261,"column":8},"end":{"line":263,"column":9}},"88":{"start":{"line":261,"column":21},"end":{"line":261,"column":22}},"89":{"start":{"line":262,"column":12},"end":{"line":262,"column":42}},"90":{"start":{"line":264,"column":8},"end":{"line":264,"column":20}}},"fnMap":{"0":{"name":"intersect","decl":{"start":{"line":19,"column":9},"end":{"line":19,"column":18}},"loc":{"start":{"line":19,"column":46},"end":{"line":41,"column":1}},"line":19},"1":{"name":"(anonymous_1)","decl":{"start":{"line":58,"column":4},"end":{"line":58,"column":5}},"loc":{"start":{"line":58,"column":24},"end":{"line":60,"column":5}},"line":58},"2":{"name":"(anonymous_2)","decl":{"start":{"line":62,"column":4},"end":{"line":62,"column":5}},"loc":{"start":{"line":62,"column":44},"end":{"line":65,"column":5}},"line":62},"3":{"name":"(anonymous_3)","decl":{"start":{"line":67,"column":4},"end":{"line":67,"column":5}},"loc":{"start":{"line":67,"column":19},"end":{"line":71,"column":5}},"line":67},"4":{"name":"(anonymous_4)","decl":{"start":{"line":73,"column":4},"end":{"line":73,"column":5}},"loc":{"start":{"line":73,"column":25},"end":{"line":77,"column":5}},"line":73},"5":{"name":"(anonymous_5)","decl":{"start":{"line":79,"column":4},"end":{"line":79,"column":5}},"loc":{"start":{"line":79,"column":24},"end":{"line":84,"column":5}},"line":79},"6":{"name":"(anonymous_6)","decl":{"start":{"line":86,"column":4},"end":{"line":86,"column":5}},"loc":{"start":{"line":86,"column":28},"end":{"line":88,"column":5}},"line":86},"7":{"name":"(anonymous_7)","decl":{"start":{"line":90,"column":4},"end":{"line":90,"column":5}},"loc":{"start":{"line":90,"column":29},"end":{"line":98,"column":5}},"line":90},"8":{"name":"(anonymous_8)","decl":{"start":{"line":109,"column":4},"end":{"line":109,"column":5}},"loc":{"start":{"line":109,"column":18},"end":{"line":178,"column":5}},"line":109},"9":{"name":"(anonymous_9)","decl":{"start":{"line":180,"column":4},"end":{"line":180,"column":5}},"loc":{"start":{"line":180,"column":10},"end":{"line":189,"column":5}},"line":180},"10":{"name":"(anonymous_10)","decl":{"start":{"line":187,"column":17},"end":{"line":187,"column":18}},"loc":{"start":{"line":187,"column":35},"end":{"line":187,"column":56}},"line":187},"11":{"name":"(anonymous_11)","decl":{"start":{"line":191,"column":4},"end":{"line":191,"column":5}},"loc":{"start":{"line":191,"column":14},"end":{"line":199,"column":5}},"line":191},"12":{"name":"(anonymous_12)","decl":{"start":{"line":195,"column":17},"end":{"line":195,"column":18}},"loc":{"start":{"line":195,"column":35},"end":{"line":197,"column":13}},"line":195},"13":{"name":"(anonymous_13)","decl":{"start":{"line":208,"column":4},"end":{"line":208,"column":5}},"loc":{"start":{"line":208,"column":36},"end":{"line":252,"column":5}},"line":208},"14":{"name":"(anonymous_14)","decl":{"start":{"line":254,"column":4},"end":{"line":254,"column":5}},"loc":{"start":{"line":254,"column":12},"end":{"line":256,"column":5}},"line":254},"15":{"name":"(anonymous_15)","decl":{"start":{"line":255,"column":35},"end":{"line":255,"column":36}},"loc":{"start":{"line":255,"column":40},"end":{"line":255,"column":50}},"line":255},"16":{"name":"(anonymous_16)","decl":{"start":{"line":258,"column":4},"end":{"line":258,"column":5}},"loc":{"start":{"line":258,"column":10},"end":{"line":265,"column":5}},"line":258},"17":{"name":"(anonymous_17)","decl":{"start":{"line":260,"column":28},"end":{"line":260,"column":29}},"loc":{"start":{"line":260,"column":35},"end":{"line":260,"column":62}},"line":260}},"branchMap":{"0":{"loc":{"start":{"line":34,"column":17},"end":{"line":34,"column":41}},"type":"binary-expr","locations":[{"start":{"line":34,"column":17},"end":{"line":34,"column":27}},{"start":{"line":34,"column":31},"end":{"line":34,"column":41}}],"line":34},"1":{"loc":{"start":{"line":35,"column":17},"end":{"line":35,"column":41}},"type":"binary-expr","locations":[{"start":{"line":35,"column":17},"end":{"line":35,"column":27}},{"start":{"line":35,"column":31},"end":{"line":35,"column":41}}],"line":35},"2":{"loc":{"start":{"line":62,"column":26},"end":{"line":62,"column":43}},"type":"default-arg","locations":[{"start":{"line":62,"column":41},"end":{"line":62,"column":43}}],"line":62},"3":{"loc":{"start":{"line":62,"column":27},"end":{"line":62,"column":39}},"type":"default-arg","locations":[{"start":{"line":62,"column":34},"end":{"line":62,"column":39}}],"line":62},"4":{"loc":{"start":{"line":63,"column":27},"end":{"line":63,"column":63}},"type":"cond-expr","locations":[{"start":{"line":63,"column":36},"end":{"line":63,"column":56}},{"start":{"line":63,"column":59},"end":{"line":63,"column":63}}],"line":63},"5":{"loc":{"start":{"line":68,"column":21},"end":{"line":68,"column":54}},"type":"cond-expr","locations":[{"start":{"line":68,"column":49},"end":{"line":68,"column":50}},{"start":{"line":68,"column":53},"end":{"line":68,"column":54}}],"line":68},"6":{"loc":{"start":{"line":80,"column":29},"end":{"line":80,"column":51}},"type":"binary-expr","locations":[{"start":{"line":80,"column":29},"end":{"line":80,"column":35}},{"start":{"line":80,"column":39},"end":{"line":80,"column":51}}],"line":80},"7":{"loc":{"start":{"line":90,"column":13},"end":{"line":90,"column":28}},"type":"default-arg","locations":[{"start":{"line":90,"column":26},"end":{"line":90,"column":28}}],"line":90},"8":{"loc":{"start":{"line":91,"column":8},"end":{"line":93,"column":9}},"type":"if","locations":[{"start":{"line":91,"column":8},"end":{"line":93,"column":9}},{"start":{"line":91,"column":8},"end":{"line":93,"column":9}}],"line":91},"9":{"loc":{"start":{"line":94,"column":8},"end":{"line":96,"column":9}},"type":"if","locations":[{"start":{"line":94,"column":8},"end":{"line":96,"column":9}},{"start":{"line":94,"column":8},"end":{"line":96,"column":9}}],"line":94},"10":{"loc":{"start":{"line":111,"column":8},"end":{"line":113,"column":9}},"type":"if","locations":[{"start":{"line":111,"column":8},"end":{"line":113,"column":9}},{"start":{"line":111,"column":8},"end":{"line":113,"column":9}}],"line":111},"11":{"loc":{"start":{"line":111,"column":12},"end":{"line":111,"column":54}},"type":"binary-expr","locations":[{"start":{"line":111,"column":12},"end":{"line":111,"column":27}},{"start":{"line":111,"column":31},"end":{"line":111,"column":54}}],"line":111},"12":{"loc":{"start":{"line":122,"column":12},"end":{"line":124,"column":13}},"type":"if","locations":[{"start":{"line":122,"column":12},"end":{"line":124,"column":13}},{"start":{"line":122,"column":12},"end":{"line":124,"column":13}}],"line":122},"13":{"loc":{"start":{"line":125,"column":12},"end":{"line":127,"column":13}},"type":"if","locations":[{"start":{"line":125,"column":12},"end":{"line":127,"column":13}},{"start":{"line":125,"column":12},"end":{"line":127,"column":13}}],"line":125},"14":{"loc":{"start":{"line":128,"column":12},"end":{"line":130,"column":13}},"type":"if","locations":[{"start":{"line":128,"column":12},"end":{"line":130,"column":13}},{"start":{"line":128,"column":12},"end":{"line":130,"column":13}}],"line":128},"15":{"loc":{"start":{"line":128,"column":16},"end":{"line":128,"column":56}},"type":"binary-expr","locations":[{"start":{"line":128,"column":16},"end":{"line":128,"column":34}},{"start":{"line":128,"column":38},"end":{"line":128,"column":56}}],"line":128},"16":{"loc":{"start":{"line":132,"column":8},"end":{"line":135,"column":9}},"type":"if","locations":[{"start":{"line":132,"column":8},"end":{"line":135,"column":9}},{"start":{"line":132,"column":8},"end":{"line":135,"column":9}}],"line":132},"17":{"loc":{"start":{"line":132,"column":12},"end":{"line":132,"column":52}},"type":"binary-expr","locations":[{"start":{"line":132,"column":12},"end":{"line":132,"column":30}},{"start":{"line":132,"column":34},"end":{"line":132,"column":52}}],"line":132},"18":{"loc":{"start":{"line":145,"column":8},"end":{"line":153,"column":9}},"type":"if","locations":[{"start":{"line":145,"column":8},"end":{"line":153,"column":9}},{"start":{"line":145,"column":8},"end":{"line":153,"column":9}}],"line":145},"19":{"loc":{"start":{"line":151,"column":15},"end":{"line":153,"column":9}},"type":"if","locations":[{"start":{"line":151,"column":15},"end":{"line":153,"column":9}},{"start":{"line":151,"column":15},"end":{"line":153,"column":9}}],"line":151},"20":{"loc":{"start":{"line":151,"column":19},"end":{"line":151,"column":53}},"type":"binary-expr","locations":[{"start":{"line":151,"column":19},"end":{"line":151,"column":32}},{"start":{"line":151,"column":36},"end":{"line":151,"column":53}}],"line":151},"21":{"loc":{"start":{"line":182,"column":8},"end":{"line":184,"column":9}},"type":"if","locations":[{"start":{"line":182,"column":8},"end":{"line":184,"column":9}},{"start":{"line":182,"column":8},"end":{"line":184,"column":9}}],"line":182},"22":{"loc":{"start":{"line":182,"column":12},"end":{"line":182,"column":54}},"type":"binary-expr","locations":[{"start":{"line":182,"column":12},"end":{"line":182,"column":27}},{"start":{"line":182,"column":31},"end":{"line":182,"column":54}}],"line":182},"23":{"loc":{"start":{"line":208,"column":20},"end":{"line":208,"column":34}},"type":"default-arg","locations":[{"start":{"line":208,"column":32},"end":{"line":208,"column":34}}],"line":208},"24":{"loc":{"start":{"line":230,"column":16},"end":{"line":247,"column":17}},"type":"if","locations":[{"start":{"line":230,"column":16},"end":{"line":247,"column":17}},{"start":{"line":230,"column":16},"end":{"line":247,"column":17}}],"line":230},"25":{"loc":{"start":{"line":230,"column":20},"end":{"line":230,"column":42}},"type":"binary-expr","locations":[{"start":{"line":230,"column":20},"end":{"line":230,"column":28}},{"start":{"line":230,"column":32},"end":{"line":230,"column":42}}],"line":230},"26":{"loc":{"start":{"line":231,"column":20},"end":{"line":231,"column":70}},"type":"binary-expr","locations":[{"start":{"line":231,"column":20},"end":{"line":231,"column":29}},{"start":{"line":231,"column":33},"end":{"line":231,"column":70}}],"line":231},"27":{"loc":{"start":{"line":235,"column":23},"end":{"line":247,"column":17}},"type":"if","locations":[{"start":{"line":235,"column":23},"end":{"line":247,"column":17}},{"start":{"line":235,"column":23},"end":{"line":247,"column":17}}],"line":235},"28":{"loc":{"start":{"line":235,"column":27},"end":{"line":235,"column":49}},"type":"binary-expr","locations":[{"start":{"line":235,"column":27},"end":{"line":235,"column":35}},{"start":{"line":235,"column":39},"end":{"line":235,"column":49}}],"line":235},"29":{"loc":{"start":{"line":236,"column":20},"end":{"line":236,"column":70}},"type":"binary-expr","locations":[{"start":{"line":236,"column":20},"end":{"line":236,"column":29}},{"start":{"line":236,"column":33},"end":{"line":236,"column":70}}],"line":236},"30":{"loc":{"start":{"line":240,"column":23},"end":{"line":247,"column":17}},"type":"if","locations":[{"start":{"line":240,"column":23},"end":{"line":247,"column":17}},{"start":{"line":240,"column":23},"end":{"line":247,"column":17}}],"line":240},"31":{"loc":{"start":{"line":240,"column":27},"end":{"line":240,"column":51}},"type":"binary-expr","locations":[{"start":{"line":240,"column":27},"end":{"line":240,"column":37}},{"start":{"line":240,"column":41},"end":{"line":240,"column":51}}],"line":240},"32":{"loc":{"start":{"line":241,"column":20},"end":{"line":241,"column":72}},"type":"binary-expr","locations":[{"start":{"line":241,"column":20},"end":{"line":241,"column":29}},{"start":{"line":241,"column":33},"end":{"line":241,"column":72}}],"line":241},"33":{"loc":{"start":{"line":260,"column":35},"end":{"line":260,"column":62}},"type":"cond-expr","locations":[{"start":{"line":260,"column":46},"end":{"line":260,"column":56}},{"start":{"line":260,"column":59},"end":{"line":260,"column":62}}],"line":260}},"s":{"0":290,"1":290,"2":290,"3":290,"4":290,"5":290,"6":290,"7":290,"8":290,"9":290,"10":290,"11":63,"12":21,"13":21,"14":5,"15":5,"16":21,"17":2,"18":6,"19":1,"20":1,"21":3,"22":15,"23":4,"24":4,"25":4,"26":4,"27":4,"28":0,"29":0,"30":0,"31":0,"32":0,"33":0,"34":0,"35":0,"36":0,"37":0,"38":0,"39":0,"40":0,"41":0,"42":0,"43":0,"44":0,"45":0,"46":0,"47":0,"48":3,"49":1,"50":2,"51":12,"52":1,"53":1,"54":6,"55":18,"56":18,"57":18,"58":69,"59":69,"60":69,"61":69,"62":290,"63":290,"64":290,"65":290,"66":1,"67":1,"68":1,"69":1,"70":289,"71":2,"72":2,"73":2,"74":2,"75":287,"76":6,"77":6,"78":6,"79":6,"80":6,"81":6,"82":18,"83":0,"84":0,"85":0,"86":0,"87":0,"88":0,"89":0,"90":0},"f":{"0":290,"1":63,"2":21,"3":5,"4":2,"5":1,"6":15,"7":4,"8":0,"9":3,"10":12,"11":1,"12":6,"13":18,"14":0,"15":0,"16":0,"17":0},"b":{"0":[290,157],"1":[290,150],"2":[17],"3":[17],"4":[4,17],"5":[1,4],"6":[1,0],"7":[0],"8":[4,0],"9":[4,0],"10":[0,0],"11":[0,0],"12":[0,0],"13":[0,0],"14":[0,0],"15":[0,0],"16":[0,0],"17":[0,0],"18":[0,0],"19":[0,0],"20":[0,0],"21":[1,2],"22":[3,3],"23":[17],"24":[1,289],"25":[290,27],"26":[1,0],"27":[2,287],"28":[289,36],"29":[2,0],"30":[6,281],"31":[287,24],"32":[6,1],"33":[0,0]},"_coverageSchema":"1a1c01bbd47fc00a2c39e90264f33305004495a9","hash":"2180e168c8edd1282db356f3bec39e42546eac9d"}
}
