TN:
SF:src/Layer.js
FN:3,getPolyPoint
FN:11,(anonymous_1)
FN:17,(anonymous_2)
FN:25,(anonymous_3)
FN:35,(anonymous_4)
FN:52,(anonymous_5)
FN:62,(anonymous_6)
FN:65,(anonymous_7)
FN:67,(anonymous_8)
FN:72,(anonymous_9)
FN:73,(anonymous_10)
FN:76,(anonymous_11)
FNF:12
FNH:12
FNDA:8,getPolyPoint
FNDA:1,(anonymous_1)
FNDA:1,(anonymous_2)
FNDA:1,(anonymous_3)
FNDA:4,(anonymous_4)
FNDA:4,(anonymous_5)
FNDA:4,(anonymous_6)
FNDA:5,(anonymous_7)
FNDA:8,(anonymous_8)
FNDA:4,(anonymous_9)
FNDA:12,(anonymous_10)
FNDA:4,(anonymous_11)
DA:4,8
DA:5,8
DA:7,8
DA:12,1
DA:13,1
DA:14,1
DA:18,1
DA:19,1
DA:21,0
DA:29,1
DA:34,1
DA:37,4
DA:38,4
DA:40,4
DA:42,4
DA:52,4
DA:53,1
DA:54,1
DA:55,8
DA:56,4
DA:58,8
DA:61,1
DA:62,4
DA:65,1
DA:66,5
DA:67,8
DA:71,1
DA:72,4
DA:74,12
DA:76,4
DA:79,1
LF:31
LH:30
BRDA:18,0,0,1
BRDA:18,0,1,0
BRDA:55,1,0,4
BRDA:55,1,1,4
BRDA:66,2,0,4
BRDA:66,2,1,1
BRDA:66,3,0,5
BRDA:66,3,1,5
BRF:8
BRH:7
end_of_record
TN:
SF:src/List.js
FN:4,(anonymous_0)
FN:8,(anonymous_1)
FN:12,(anonymous_2)
FN:16,(anonymous_3)
FN:20,(anonymous_4)
FN:21,(anonymous_5)
FN:21,(anonymous_6)
FN:23,(anonymous_7)
FN:30,(anonymous_8)
FN:31,(anonymous_9)
FN:35,(anonymous_10)
FN:40,(anonymous_11)
FN:40,(anonymous_12)
FN:41,(anonymous_13)
FN:44,(anonymous_14)
FN:44,(anonymous_15)
FN:45,(anonymous_16)
FN:50,(anonymous_17)
FN:50,(anonymous_18)
FN:51,(anonymous_19)
FN:52,(anonymous_20)
FN:53,(anonymous_21)
FN:59,(anonymous_22)
FN:59,(anonymous_23)
FN:69,(anonymous_24)
FN:70,(anonymous_25)
FN:73,(anonymous_26)
FN:74,(anonymous_27)
FNF:28
FNH:24
FNDA:157,(anonymous_0)
FNDA:5,(anonymous_1)
FNDA:17,(anonymous_2)
FNDA:4,(anonymous_3)
FNDA:1,(anonymous_4)
FNDA:4,(anonymous_5)
FNDA:16,(anonymous_6)
FNDA:16,(anonymous_7)
FNDA:4,(anonymous_8)
FNDA:40,(anonymous_9)
FNDA:20,(anonymous_10)
FNDA:9,(anonymous_11)
FNDA:0,(anonymous_12)
FNDA:30,(anonymous_13)
FNDA:2,(anonymous_14)
FNDA:3,(anonymous_15)
FNDA:6,(anonymous_16)
FNDA:4,(anonymous_17)
FNDA:0,(anonymous_18)
FNDA:16,(anonymous_19)
FNDA:30,(anonymous_20)
FNDA:60,(anonymous_21)
FNDA:4,(anonymous_22)
FNDA:30,(anonymous_23)
FNDA:0,(anonymous_24)
FNDA:0,(anonymous_25)
FNDA:1,(anonymous_26)
FNDA:4,(anonymous_27)
DA:5,157
DA:9,5
DA:13,17
DA:17,4
DA:21,16
DA:22,1
DA:23,16
DA:25,0
DA:27,1
DA:31,40
DA:32,0
DA:34,4
DA:35,20
DA:37,4
DA:40,0
DA:41,30
DA:44,3
DA:45,2
DA:46,6
DA:50,0
DA:51,16
DA:52,4
DA:53,60
DA:55,4
DA:56,0
DA:59,30
DA:60,4
DA:61,0
DA:63,4
DA:64,4
DA:70,0
DA:74,4
DA:75,1
DA:77,0
DA:82,3
LF:35
LH:27
BRDA:20,0,0,0
BRDA:22,1,0,1
BRDA:22,1,1,0
BRDA:31,2,0,0
BRDA:31,2,1,4
BRDA:35,3,0,8
BRDA:35,3,1,12
BRDA:40,4,0,0
BRDA:44,5,0,1
BRDA:50,6,0,0
BRDA:51,7,0,4
BRDA:51,7,1,0
BRDA:51,8,0,4
BRDA:51,8,1,4
BRDA:51,8,2,4
BRDA:59,9,0,4
BRDA:60,10,0,0
BRDA:60,10,1,4
BRDA:70,11,0,0
BRDA:70,11,1,0
BRDA:74,12,0,1
BRDA:74,12,1,0
BRDA:74,13,0,4
BRDA:74,13,1,4
BRF:24
BRH:14
end_of_record
TN:
SF:src/Torque.js
FN:5,(anonymous_0)
FN:7,(anonymous_1)
FN:8,(anonymous_2)
FN:10,(anonymous_3)
FN:11,(anonymous_4)
FN:21,(anonymous_5)
FN:25,(anonymous_6)
FN:31,(anonymous_7)
FNF:8
FNH:8
FNDA:2,(anonymous_0)
FNDA:2,(anonymous_1)
FNDA:2,(anonymous_2)
FNDA:2,(anonymous_3)
FNDA:2,(anonymous_4)
FNDA:3,(anonymous_5)
FNDA:9,(anonymous_6)
FNDA:2,(anonymous_7)
DA:6,2
DA:7,2
DA:8,2
DA:9,2
DA:10,2
DA:11,2
DA:13,2
DA:15,2
DA:22,3
DA:27,9
DA:28,9
DA:32,2
DA:33,2
DA:34,2
DA:35,2
LF:15
LH:15
BRDA:13,0,0,1
BRDA:13,0,1,1
BRDA:25,1,0,1
BRDA:25,2,0,2
BRDA:25,3,0,2
BRF:5
BRH:5
end_of_record
TN:
SF:src/Vec.js
FN:10,(anonymous_0)
FN:46,(anonymous_1)
FN:57,(anonymous_2)
FN:71,(anonymous_3)
FN:85,(anonymous_4)
FN:116,(anonymous_5)
FN:125,(anonymous_6)
FN:130,(anonymous_7)
FN:134,(anonymous_8)
FN:138,(anonymous_9)
FN:167,(anonymous_10)
FN:171,(anonymous_11)
FN:175,(anonymous_12)
FN:179,(anonymous_13)
FN:184,(anonymous_14)
FN:188,(anonymous_15)
FN:196,(anonymous_16)
FN:204,(anonymous_17)
FN:208,(anonymous_18)
FNF:19
FNH:19
FNDA:1341,(anonymous_0)
FNDA:50,(anonymous_1)
FNDA:20,(anonymous_2)
FNDA:2,(anonymous_3)
FNDA:11,(anonymous_4)
FNDA:1,(anonymous_5)
FNDA:5,(anonymous_6)
FNDA:9,(anonymous_7)
FNDA:883,(anonymous_8)
FNDA:308,(anonymous_9)
FNDA:889,(anonymous_10)
FNDA:2,(anonymous_11)
FNDA:21,(anonymous_12)
FNDA:2,(anonymous_13)
FNDA:1,(anonymous_14)
FNDA:2,(anonymous_15)
FNDA:2,(anonymous_16)
FNDA:3,(anonymous_17)
FNDA:1,(anonymous_18)
DA:1,5
DA:11,1341
DA:13,56
DA:16,14
DA:17,14
DA:18,42
DA:22,1
DA:23,1
DA:24,41
DA:28,1
DA:29,1
DA:30,40
DA:34,39
DA:35,39
DA:37,1
DA:40,1285
DA:41,1285
DA:43,1340
DA:47,50
DA:48,13
DA:49,13
DA:51,37
DA:52,37
DA:54,50
DA:58,20
DA:59,18
DA:60,18
DA:61,18
DA:62,2
DA:63,1
DA:64,1
DA:65,1
DA:67,1
DA:73,2
DA:74,2
DA:75,2
DA:87,11
DA:89,11
DA:90,11
DA:92,4
DA:93,4
DA:94,4
DA:96,1
DA:97,1
DA:98,1
DA:101,1
DA:102,1
DA:103,1
DA:105,5
DA:106,5
DA:107,5
DA:109,5
DA:110,5
DA:113,11
DA:117,1
DA:118,1
DA:119,1
DA:126,5
DA:131,9
DA:135,883
DA:139,308
DA:168,889
DA:172,2
DA:176,21
DA:180,2
DA:181,2
DA:185,1
DA:189,2
DA:197,2
DA:205,3
DA:209,1
LF:71
LH:71
BRDA:10,0,0,1337
BRDA:11,1,0,56
BRDA:11,1,1,1285
BRDA:13,2,0,14
BRDA:13,2,1,42
BRDA:18,3,0,1
BRDA:18,3,1,41
BRDA:24,4,0,1
BRDA:24,4,1,40
BRDA:24,5,0,41
BRDA:24,5,1,1
BRDA:30,6,0,39
BRDA:30,6,1,1
BRDA:46,7,0,37
BRDA:46,8,0,37
BRDA:47,9,0,13
BRDA:47,9,1,37
BRDA:58,10,0,18
BRDA:58,10,1,2
BRDA:62,11,0,1
BRDA:62,11,1,1
BRDA:71,12,0,1
BRDA:85,13,0,7
BRDA:90,14,0,4
BRDA:90,14,1,1
BRDA:90,14,2,1
BRDA:90,14,3,1
BRDA:90,14,4,5
BRDA:181,15,0,1
BRDA:181,15,1,1
BRF:30
BRH:30
end_of_record
TN:
SF:src/Vecs.js
FN:19,intersect
FN:58,(anonymous_1)
FN:62,(anonymous_2)
FN:67,(anonymous_3)
FN:73,(anonymous_4)
FN:79,(anonymous_5)
FN:86,(anonymous_6)
FN:90,(anonymous_7)
FN:109,(anonymous_8)
FN:180,(anonymous_9)
FN:187,(anonymous_10)
FN:191,(anonymous_11)
FN:195,(anonymous_12)
FN:208,(anonymous_13)
FN:254,(anonymous_14)
FN:255,(anonymous_15)
FN:258,(anonymous_16)
FN:260,(anonymous_17)
FNF:18
FNH:13
FNDA:290,intersect
FNDA:63,(anonymous_1)
FNDA:21,(anonymous_2)
FNDA:5,(anonymous_3)
FNDA:2,(anonymous_4)
FNDA:1,(anonymous_5)
FNDA:15,(anonymous_6)
FNDA:4,(anonymous_7)
FNDA:0,(anonymous_8)
FNDA:3,(anonymous_9)
FNDA:12,(anonymous_10)
FNDA:1,(anonymous_11)
FNDA:6,(anonymous_12)
FNDA:18,(anonymous_13)
FNDA:0,(anonymous_14)
FNDA:0,(anonymous_15)
FNDA:0,(anonymous_16)
FNDA:0,(anonymous_17)
DA:20,290
DA:21,290
DA:22,290
DA:23,290
DA:24,290
DA:25,290
DA:26,290
DA:27,290
DA:28,290
DA:29,290
DA:31,290
DA:59,63
DA:63,21
DA:64,21
DA:68,5
DA:69,21
DA:74,2
DA:75,6
DA:80,1
DA:81,1
DA:82,3
DA:87,15
DA:91,4
DA:92,4
DA:94,4
DA:95,4
DA:97,4
DA:111,0
DA:112,0
DA:121,0
DA:122,0
DA:123,0
DA:125,0
DA:126,0
DA:128,0
DA:129,0
DA:132,0
DA:133,0
DA:134,0
DA:145,0
DA:146,0
DA:151,0
DA:152,0
DA:163,0
DA:173,0
DA:177,0
DA:182,3
DA:183,1
DA:186,2
DA:187,12
DA:192,1
DA:194,1
DA:196,6
DA:210,18
DA:212,18
DA:214,69
DA:215,69
DA:217,69
DA:219,290
DA:220,290
DA:228,290
DA:230,290
DA:231,1
DA:232,1
DA:233,1
DA:234,1
DA:235,289
DA:236,2
DA:237,2
DA:238,2
DA:239,2
DA:240,287
DA:241,6
DA:242,6
DA:243,6
DA:244,6
DA:245,6
DA:246,6
DA:251,18
DA:255,0
DA:260,0
DA:261,0
DA:262,0
DA:264,0
LF:84
LH:60
BRDA:34,0,0,290
BRDA:34,0,1,157
BRDA:35,1,0,290
BRDA:35,1,1,150
BRDA:62,2,0,17
BRDA:62,3,0,17
BRDA:63,4,0,4
BRDA:63,4,1,17
BRDA:68,5,0,1
BRDA:68,5,1,4
BRDA:80,6,0,1
BRDA:80,6,1,0
BRDA:90,7,0,0
BRDA:91,8,0,4
BRDA:91,8,1,0
BRDA:94,9,0,4
BRDA:94,9,1,0
BRDA:111,10,0,0
BRDA:111,10,1,0
BRDA:111,11,0,0
BRDA:111,11,1,0
BRDA:122,12,0,0
BRDA:122,12,1,0
BRDA:125,13,0,0
BRDA:125,13,1,0
BRDA:128,14,0,0
BRDA:128,14,1,0
BRDA:128,15,0,0
BRDA:128,15,1,0
BRDA:132,16,0,0
BRDA:132,16,1,0
BRDA:132,17,0,0
BRDA:132,17,1,0
BRDA:145,18,0,0
BRDA:145,18,1,0
BRDA:151,19,0,0
BRDA:151,19,1,0
BRDA:151,20,0,0
BRDA:151,20,1,0
BRDA:182,21,0,1
BRDA:182,21,1,2
BRDA:182,22,0,3
BRDA:182,22,1,3
BRDA:208,23,0,17
BRDA:230,24,0,1
BRDA:230,24,1,289
BRDA:230,25,0,290
BRDA:230,25,1,27
BRDA:231,26,0,1
BRDA:231,26,1,0
BRDA:235,27,0,2
BRDA:235,27,1,287
BRDA:235,28,0,289
BRDA:235,28,1,36
BRDA:236,29,0,2
BRDA:236,29,1,0
BRDA:240,30,0,6
BRDA:240,30,1,281
BRDA:240,31,0,287
BRDA:240,31,1,24
BRDA:241,32,0,6
BRDA:241,32,1,1
BRDA:260,33,0,0
BRDA:260,33,1,0
BRF:64
BRH:34
end_of_record
