TN:
SF:src/Layer.js
FN:3,getPolyPoint
FN:11,(anonymous_1)
FN:17,(anonymous_2)
FN:25,(anonymous_3)
FN:35,(anonymous_4)
FN:52,(anonymous_5)
FN:62,(anonymous_6)
FN:65,(anonymous_7)
FN:67,(anonymous_8)
FN:72,(anonymous_9)
FN:73,(anonymous_10)
FN:76,(anonymous_11)
FNF:12
FNH:12
FNDA:12,getPolyPoint
FNDA:2,(anonymous_1)
FNDA:2,(anonymous_2)
FNDA:2,(anonymous_3)
FNDA:6,(anonymous_4)
FNDA:6,(anonymous_5)
FNDA:4,(anonymous_6)
FNDA:10,(anonymous_7)
FNDA:12,(anonymous_8)
FNDA:6,(anonymous_9)
FNDA:14,(anonymous_10)
FNDA:6,(anonymous_11)
DA:4,12
DA:5,12
DA:7,12
DA:12,2
DA:13,2
DA:14,2
DA:18,2
DA:19,2
DA:21,0
DA:29,2
DA:34,2
DA:37,6
DA:38,6
DA:40,6
DA:42,6
DA:52,6
DA:53,2
DA:54,2
DA:55,12
DA:56,8
DA:58,12
DA:61,2
DA:62,8
DA:65,2
DA:66,10
DA:67,12
DA:71,2
DA:72,6
DA:74,14
DA:76,6
DA:83,2
DA:84,2
DA:85,12
DA:86,12
DA:87,79
DA:88,12
DA:89,12
DA:91,12
DA:93,12
DA:94,40
DA:95,84
DA:97,84
DA:98,6
DA:99,6
DA:100,6
DA:101,6
DA:102,6
DA:107,12
DA:111,2
LF:49
LH:48
BRDA:18,0,0,2
BRDA:18,0,1,0
BRDA:25,1,0,2
BRDA:55,2,0,8
BRDA:55,2,1,4
BRDA:66,3,0,8
BRDA:66,3,1,2
BRDA:66,4,0,10
BRDA:66,4,1,10
BRDA:85,5,0,12
BRDA:85,5,1,0
BRDA:86,6,0,12
BRDA:86,6,1,0
BRDA:87,7,0,12
BRDA:87,7,1,67
BRDA:97,8,0,6
BRDA:97,8,1,78
BRDA:97,9,0,84
BRDA:97,9,1,11
BRF:19
BRH:16
end_of_record
TN:
SF:src/List.js
FN:4,(anonymous_0)
FN:8,(anonymous_1)
FN:12,(anonymous_2)
FN:16,(anonymous_3)
FN:20,(anonymous_4)
FN:24,(anonymous_5)
FN:25,(anonymous_6)
FN:25,(anonymous_7)
FN:27,(anonymous_8)
FN:34,(anonymous_9)
FN:35,(anonymous_10)
FN:39,(anonymous_11)
FN:44,(anonymous_12)
FN:44,(anonymous_13)
FN:45,(anonymous_14)
FN:48,(anonymous_15)
FN:48,(anonymous_16)
FN:49,(anonymous_17)
FN:54,(anonymous_18)
FN:54,(anonymous_19)
FN:55,(anonymous_20)
FN:56,(anonymous_21)
FN:57,(anonymous_22)
FN:63,(anonymous_23)
FN:63,(anonymous_24)
FN:73,(anonymous_25)
FN:74,(anonymous_26)
FN:77,(anonymous_27)
FN:78,(anonymous_28)
FNF:29
FNH:26
FNDA:1567,(anonymous_0)
FNDA:63,(anonymous_1)
FNDA:134,(anonymous_2)
FNDA:62,(anonymous_3)
FNDA:12,(anonymous_4)
FNDA:2,(anonymous_5)
FNDA:6,(anonymous_6)
FNDA:20,(anonymous_7)
FNDA:20,(anonymous_8)
FNDA:4,(anonymous_9)
FNDA:52,(anonymous_10)
FNDA:26,(anonymous_11)
FNDA:89,(anonymous_12)
FNDA:442,(anonymous_13)
FNDA:373,(anonymous_14)
FNDA:2,(anonymous_15)
FNDA:3,(anonymous_16)
FNDA:6,(anonymous_17)
FNDA:62,(anonymous_18)
FNDA:0,(anonymous_19)
FNDA:248,(anonymous_20)
FNDA:525,(anonymous_21)
FNDA:1050,(anonymous_22)
FNDA:62,(anonymous_23)
FNDA:525,(anonymous_24)
FNDA:0,(anonymous_25)
FNDA:0,(anonymous_26)
FNDA:2,(anonymous_27)
FNDA:6,(anonymous_28)
DA:5,1567
DA:9,63
DA:13,134
DA:17,62
DA:21,12
DA:25,20
DA:26,2
DA:27,20
DA:29,0
DA:31,2
DA:35,52
DA:36,0
DA:38,4
DA:39,26
DA:41,4
DA:44,442
DA:45,373
DA:48,3
DA:49,2
DA:50,6
DA:54,0
DA:55,248
DA:56,62
DA:57,1050
DA:59,62
DA:60,0
DA:63,525
DA:64,62
DA:65,0
DA:67,62
DA:68,62
DA:74,0
DA:78,6
DA:79,2
DA:81,0
DA:86,3
LF:36
LH:29
BRDA:24,0,0,0
BRDA:26,1,0,2
BRDA:26,1,1,0
BRDA:35,2,0,0
BRDA:35,2,1,4
BRDA:39,3,0,10
BRDA:39,3,1,16
BRDA:44,4,0,22
BRDA:48,5,0,1
BRDA:54,6,0,0
BRDA:55,7,0,62
BRDA:55,7,1,0
BRDA:55,8,0,62
BRDA:55,8,1,62
BRDA:55,8,2,62
BRDA:63,9,0,62
BRDA:64,10,0,0
BRDA:64,10,1,62
BRDA:74,11,0,0
BRDA:74,11,1,0
BRDA:78,12,0,2
BRDA:78,12,1,0
BRDA:78,13,0,6
BRDA:78,13,1,6
BRF:24
BRH:15
end_of_record
TN:
SF:src/Torque.js
FN:5,(anonymous_0)
FN:7,(anonymous_1)
FN:8,(anonymous_2)
FN:10,(anonymous_3)
FN:11,(anonymous_4)
FN:21,(anonymous_5)
FN:25,(anonymous_6)
FN:31,(anonymous_7)
FNF:8
FNH:8
FNDA:2,(anonymous_0)
FNDA:2,(anonymous_1)
FNDA:2,(anonymous_2)
FNDA:2,(anonymous_3)
FNDA:2,(anonymous_4)
FNDA:3,(anonymous_5)
FNDA:9,(anonymous_6)
FNDA:2,(anonymous_7)
DA:6,2
DA:7,2
DA:8,2
DA:9,2
DA:10,2
DA:11,2
DA:13,2
DA:15,2
DA:22,3
DA:27,9
DA:28,9
DA:32,2
DA:33,2
DA:34,2
DA:35,2
LF:15
LH:15
BRDA:13,0,0,1
BRDA:13,0,1,1
BRDA:25,1,0,1
BRDA:25,2,0,2
BRDA:25,3,0,2
BRF:5
BRH:5
end_of_record
TN:
SF:src/Vec.js
FN:10,(anonymous_0)
FN:46,(anonymous_1)
FN:57,(anonymous_2)
FN:71,(anonymous_3)
FN:85,(anonymous_4)
FN:116,(anonymous_5)
FN:125,(anonymous_6)
FN:130,(anonymous_7)
FN:134,(anonymous_8)
FN:138,(anonymous_9)
FN:167,(anonymous_10)
FN:171,(anonymous_11)
FN:175,(anonymous_12)
FN:179,(anonymous_13)
FN:184,(anonymous_14)
FN:188,(anonymous_15)
FN:196,(anonymous_16)
FN:204,(anonymous_17)
FN:208,(anonymous_18)
FNF:19
FNH:19
FNDA:2748,(anonymous_0)
FNDA:52,(anonymous_1)
FNDA:42,(anonymous_2)
FNDA:2,(anonymous_3)
FNDA:11,(anonymous_4)
FNDA:1,(anonymous_5)
FNDA:5,(anonymous_6)
FNDA:11,(anonymous_7)
FNDA:2009,(anonymous_8)
FNDA:548,(anonymous_9)
FNDA:1797,(anonymous_10)
FNDA:2,(anonymous_11)
FNDA:25,(anonymous_12)
FNDA:2,(anonymous_13)
FNDA:1,(anonymous_14)
FNDA:2,(anonymous_15)
FNDA:2,(anonymous_16)
FNDA:3,(anonymous_17)
FNDA:1,(anonymous_18)
DA:1,5
DA:11,2748
DA:13,82
DA:16,21
DA:17,21
DA:18,61
DA:22,1
DA:23,1
DA:24,60
DA:28,1
DA:29,1
DA:30,59
DA:34,58
DA:35,58
DA:37,1
DA:40,2666
DA:41,2666
DA:43,2747
DA:47,52
DA:48,13
DA:49,13
DA:51,39
DA:52,39
DA:54,52
DA:58,42
DA:59,40
DA:60,40
DA:61,40
DA:62,2
DA:63,1
DA:64,1
DA:65,1
DA:67,1
DA:73,2
DA:74,2
DA:75,2
DA:87,11
DA:89,11
DA:90,11
DA:92,4
DA:93,4
DA:94,4
DA:96,1
DA:97,1
DA:98,1
DA:101,1
DA:102,1
DA:103,1
DA:105,5
DA:106,5
DA:107,5
DA:109,5
DA:110,5
DA:113,11
DA:117,1
DA:118,1
DA:119,1
DA:126,5
DA:131,11
DA:135,2009
DA:139,548
DA:168,1797
DA:172,2
DA:176,25
DA:180,2
DA:181,2
DA:185,1
DA:189,2
DA:197,2
DA:205,3
DA:209,1
LF:71
LH:71
BRDA:10,0,0,2744
BRDA:11,1,0,82
BRDA:11,1,1,2666
BRDA:13,2,0,21
BRDA:13,2,1,61
BRDA:18,3,0,1
BRDA:18,3,1,60
BRDA:24,4,0,1
BRDA:24,4,1,59
BRDA:24,5,0,60
BRDA:24,5,1,1
BRDA:30,6,0,58
BRDA:30,6,1,1
BRDA:46,7,0,39
BRDA:46,8,0,39
BRDA:47,9,0,13
BRDA:47,9,1,39
BRDA:58,10,0,40
BRDA:58,10,1,2
BRDA:62,11,0,1
BRDA:62,11,1,1
BRDA:71,12,0,1
BRDA:85,13,0,7
BRDA:90,14,0,4
BRDA:90,14,1,1
BRDA:90,14,2,1
BRDA:90,14,3,1
BRDA:90,14,4,5
BRDA:181,15,0,1
BRDA:181,15,1,1
BRF:30
BRH:30
end_of_record
TN:
SF:src/Vecs.js
FN:20,intersect
FN:59,(anonymous_1)
FN:63,(anonymous_2)
FN:71,(anonymous_3)
FN:77,(anonymous_4)
FN:83,(anonymous_5)
FN:90,(anonymous_6)
FN:91,(anonymous_7)
FN:92,(anonymous_8)
FN:97,(anonymous_9)
FN:114,(anonymous_10)
FN:124,(anonymous_11)
FN:141,(anonymous_12)
FN:142,(anonymous_13)
FN:149,(anonymous_14)
FN:158,(anonymous_15)
FN:183,(anonymous_16)
FN:256,(anonymous_17)
FN:263,(anonymous_18)
FN:267,(anonymous_19)
FN:271,(anonymous_20)
FN:284,(anonymous_21)
FN:330,(anonymous_22)
FN:331,(anonymous_23)
FN:334,(anonymous_24)
FN:336,(anonymous_25)
FNF:26
FNH:22
FNDA:515,intersect
FNDA:809,(anonymous_1)
FNDA:27,(anonymous_2)
FNDA:5,(anonymous_3)
FNDA:2,(anonymous_4)
FNDA:3,(anonymous_5)
FNDA:24,(anonymous_6)
FNDA:180,(anonymous_7)
FNDA:45,(anonymous_8)
FNDA:21,(anonymous_9)
FNDA:8,(anonymous_10)
FNDA:2,(anonymous_11)
FNDA:22,(anonymous_12)
FNDA:230,(anonymous_13)
FNDA:13,(anonymous_14)
FNDA:12,(anonymous_15)
FNDA:13,(anonymous_16)
FNDA:3,(anonymous_17)
FNDA:16,(anonymous_18)
FNDA:1,(anonymous_19)
FNDA:8,(anonymous_20)
FNDA:224,(anonymous_21)
FNDA:0,(anonymous_22)
FNDA:0,(anonymous_23)
FNDA:0,(anonymous_24)
FNDA:0,(anonymous_25)
DA:21,515
DA:22,515
DA:23,514
DA:24,514
DA:25,514
DA:26,514
DA:27,514
DA:28,514
DA:29,514
DA:30,514
DA:32,514
DA:60,809
DA:64,27
DA:65,0
DA:67,27
DA:68,27
DA:72,5
DA:73,23
DA:78,2
DA:79,6
DA:84,3
DA:85,3
DA:86,23
DA:91,180
DA:92,45
DA:93,12
DA:98,21
DA:99,2
DA:100,0
DA:102,2
DA:103,2
DA:104,2
DA:106,19
DA:107,0
DA:109,19
DA:110,19
DA:115,8
DA:116,8
DA:118,8
DA:119,8
DA:121,8
DA:126,2
DA:127,0
DA:130,2
DA:131,2
DA:133,2
DA:134,2
DA:135,2
DA:136,8
DA:138,2
DA:142,22
DA:143,230
DA:144,230
DA:145,230
DA:150,13
DA:151,20
DA:152,1
DA:155,12
DA:160,12
DA:161,97
DA:162,12
DA:164,97
DA:165,12
DA:167,97
DA:168,12
DA:171,0
DA:185,13
DA:186,0
DA:187,0
DA:194,13
DA:195,1
DA:196,1
DA:199,12
DA:200,12
DA:201,0
DA:202,0
DA:213,12
DA:214,1
DA:215,1
DA:216,1
DA:221,11
DA:222,0
DA:223,0
DA:234,12
DA:244,12
DA:250,12
DA:251,12
DA:253,12
DA:258,3
DA:259,1
DA:262,2
DA:263,16
DA:268,1
DA:270,1
DA:272,8
DA:286,224
DA:288,224
DA:290,279
DA:291,279
DA:293,279
DA:295,515
DA:296,515
DA:304,515
DA:306,514
DA:307,1
DA:308,1
DA:309,1
DA:310,1
DA:311,513
DA:312,2
DA:313,2
DA:314,2
DA:315,2
DA:316,511
DA:317,8
DA:318,8
DA:319,8
DA:320,8
DA:321,8
DA:322,8
DA:327,223
DA:331,0
DA:336,0
DA:337,0
DA:338,0
DA:340,0
LF:126
LH:110
BRDA:35,0,0,514
BRDA:35,0,1,251
BRDA:36,1,0,514
BRDA:36,1,1,271
BRDA:63,2,0,20
BRDA:63,3,0,20
BRDA:64,4,0,0
BRDA:64,4,1,27
BRDA:67,5,0,7
BRDA:67,5,1,20
BRDA:72,6,0,1
BRDA:72,6,1,4
BRDA:78,7,0,0
BRDA:78,7,1,2
BRDA:84,8,0,3
BRDA:84,8,1,0
BRDA:85,9,0,2
BRDA:85,9,1,1
BRDA:91,10,0,12
BRDA:91,10,1,12
BRDA:98,11,0,2
BRDA:98,11,1,19
BRDA:99,12,0,0
BRDA:99,12,1,2
BRDA:99,13,0,2
BRDA:99,13,1,2
BRDA:99,13,2,2
BRDA:106,14,0,0
BRDA:106,14,1,19
BRDA:106,15,0,19
BRDA:106,15,1,19
BRDA:114,16,0,0
BRDA:115,17,0,8
BRDA:115,17,1,0
BRDA:118,18,0,8
BRDA:118,18,1,0
BRDA:126,19,0,0
BRDA:126,19,1,2
BRDA:151,20,0,1
BRDA:151,20,1,19
BRDA:161,21,0,12
BRDA:161,21,1,85
BRDA:164,22,0,12
BRDA:164,22,1,85
BRDA:167,23,0,12
BRDA:167,23,1,85
BRDA:167,24,0,97
BRDA:167,24,1,72
BRDA:185,25,0,0
BRDA:185,25,1,13
BRDA:185,26,0,13
BRDA:185,26,1,13
BRDA:194,27,0,1
BRDA:194,27,1,12
BRDA:200,28,0,0
BRDA:200,28,1,12
BRDA:200,29,0,12
BRDA:200,29,1,12
BRDA:213,30,0,1
BRDA:213,30,1,11
BRDA:221,31,0,0
BRDA:221,31,1,11
BRDA:221,32,0,11
BRDA:221,32,1,0
BRDA:258,33,0,1
BRDA:258,33,1,2
BRDA:258,34,0,3
BRDA:258,34,1,3
BRDA:284,35,0,223
BRDA:306,36,0,1
BRDA:306,36,1,513
BRDA:306,37,0,514
BRDA:306,37,1,90
BRDA:307,38,0,1
BRDA:307,38,1,0
BRDA:311,39,0,2
BRDA:311,39,1,511
BRDA:311,40,0,513
BRDA:311,40,1,59
BRDA:312,41,0,2
BRDA:312,41,1,0
BRDA:316,42,0,8
BRDA:316,42,1,503
BRDA:316,43,0,511
BRDA:316,43,1,28
BRDA:317,44,0,8
BRDA:317,44,1,1
BRDA:336,45,0,0
BRDA:336,45,1,0
BRF:89
BRH:72
end_of_record
